#
# A fatal error has been detected by the Java Runtime Environment:
#
#  EXCEPTION_ACCESS_VIOLATION (0xc0000005) at pc=0x00007ffacfdc91e9, pid=13068, tid=15340
#
# JRE version: OpenJDK Runtime Environment (21.0.7) (build 21.0.7+-13880790-b1038.58)
# Java VM: OpenJDK 64-Bit Server VM (21.0.7+-13880790-b1038.58, mixed mode, tiered, compressed oops, compressed class ptrs, g1 gc, windows-amd64)
# Problematic frame:
# V  [jvm.dll+0x3591e9]
#
# No core dump will be written. Minidumps are not enabled by default on client versions of Windows
#
# If you would like to submit a bug report, please visit:
#   https://youtrack.jetbrains.com/issues/JBR
#

---------------  S U M M A R Y ------------

Command Line: org.jetbrains.kotlin.cli.jvm.K2JVMCompiler @C:\Users\verwe\Projects\MigraineMe\app\build\20260227_2339719193720301381.compiler.options

Host: Intel(R) Core(TM) i9-10900F CPU @ 2.80GHz, 20 cores, 31G,  Windows 10 , 64 bit Build 19041 (10.0.19041.5915)
Time: Fri Feb 27 22:11:30 2026 GMT Standard Time elapsed time: 61.960862 seconds (0d 0h 1m 1s)

---------------  T H R E A D  ---------------

Current thread (0x0000016e59c6a470):  WorkerThread "GC Thread#10"   [id=15340, stack(0x000000367b200000,0x000000367b300000) (1024K)]

Stack: [0x000000367b200000,0x000000367b300000],  sp=0x000000367b2ff4c0,  free space=1021k
Native frames: (J=compiled Java code, j=interpreted, Vv=VM code, C=native code)
V  [jvm.dll+0x3591e9]
V  [jvm.dll+0x3558ce]
V  [jvm.dll+0x36291c]
V  [jvm.dll+0x3645e9]
V  [jvm.dll+0x362e0a]
V  [jvm.dll+0x364261]
V  [jvm.dll+0x36e963]
V  [jvm.dll+0x36eaab]
V  [jvm.dll+0x88e604]
V  [jvm.dll+0x808d08]
V  [jvm.dll+0x6d0e1d]
C  [ucrtbase.dll+0x21bb2]
C  [KERNEL32.DLL+0x17374]
C  [ntdll.dll+0x4cc91]


siginfo: EXCEPTION_ACCESS_VIOLATION (0xc0000005), reading address 0x0000000000000020


Registers:
RAX=0x0000000000000000, RBX=0x0000016e6484b0e0, RCX=0x0000000000000016, RDX=0x0000000000000000
RSP=0x000000367b2ff4c0, RBP=0x0000000000001b2c, RSI=0x0000016e3915d300, RDI=0x000000062ed5073c
R8 =0x000000062ed50a48, R9 =0x00000006014185d0, R10=0x0000000000000020, R11=0x0000000000000001
R12=0x0000000000000001, R13=0x0000016e59b52770, R14=0x0000000000000040, R15=0x0000000000000000
RIP=0x00007ffacfdc91e9, EFLAGS=0x0000000000010246

XMM[0]=0xc050009b0040c638 0x0000000000000011
XMM[1]=0xc68e0a67c68e0a24 0x0001000000000000
XMM[2]=0x0000000000000000 0x0000000000000000
XMM[3]=0x0000000000000000 0x0000000000000000
XMM[4]=0xc6a3181fc6b7ae39 0x0000000000000000
XMM[5]=0x0000000000000000 0xc05bcd0cc056a635
XMM[6]=0x0000000000000000 0x0000000000000000
XMM[7]=0x0000000000000000 0x0000000000000000
XMM[8]=0x0000000000000000 0x0000000000000000
XMM[9]=0x0000000000000000 0x0000000000000000
XMM[10]=0x0000000000000000 0x0000000000000000
XMM[11]=0x0000000000000000 0x0000000000000000
XMM[12]=0x0000000000000000 0x0000000000000000
XMM[13]=0x0000000000000000 0x0000000000000000
XMM[14]=0x0000000000000000 0x0000000000000000
XMM[15]=0x0000000000000000 0x0000000000000000
  MXCSR=0x00001fa0


Register to memory mapping:

RAX=0x0 is null
RBX=0x0000016e6484b0e0 points into unknown readable memory: 0x00007ffad03e2580 | 80 25 3e d0 fa 7f 00 00
RCX=0x0000000000000016 is an unknown value
RDX=0x0 is null
RSP=0x000000367b2ff4c0 points into unknown readable memory: 0x0000016e64840000 | 00 00 84 64 6e 01 00 00
RBP=0x0000000000001b2c is an unknown value
RSI=0x0000016e3915d300 points into unknown readable memory: 0x0000000000000000 | 00 00 00 00 00 00 00 00
RDI=0x000000062ed5073c is pointing into object: org.jetbrains.kotlin.descriptors.impl.SimpleFunctionDescriptorImpl 
{0x000000062ed50700} - klass: 'org/jetbrains/kotlin/descriptors/impl/SimpleFunctionDescriptorImpl'
 - ---- fields (total size 12 words):
 - private final 'annotations' 'Lorg/jetbrains/kotlin/descriptors/annotations/Annotations;' @12  a 'org/jetbrains/kotlin/descriptors/annotations/Annotations$Companion$EMPTY$1'{0x00000006028004d8} (0xc050009b)
 - private final 'name' 'Lorg/jetbrains/kotlin/name/Name;' @16  a 'org/jetbrains/kotlin/name/Name'{0x00000007ffbf52c0} (0xfff7ea58)
 - private final 'containingDeclaration' 'Lorg/jetbrains/kotlin/descriptors/DeclarationDescriptor;' @20  a 'org/jetbrains/kotlin/descriptors/impl/ModuleDescriptorImpl'{0x00000006028004e8} (0xc050009d)
 - private final 'source' 'Lorg/jetbrains/kotlin/descriptors/SourceElement;' @24  a 'org/jetbrains/kotlin/descriptors/SourceElement$1'{0x0000000602800a70} (0xc050014e)
 - private 'isOperator' 'Z' @28  false (0x00)
 - private 'isInfix' 'Z' @29  false (0x00)
 - private 'isExternal' 'Z' @30  false (0x00)
 - private 'isInline' 'Z' @31  false (0x00)
 - private 'isTailrec' 'Z' @32  false (0x00)
 - private 'isExpect' 'Z' @33  false (0x00)
 - private 'isActual' 'Z' @34  false (0x00)
 - private 'isHiddenToOvercomeSignatureClash' 'Z' @35  false (0x00)
 - private 'isHiddenForResolutionEverywhereBesideSupercalls' 'Z' @36  false (0x00)
 - private 'isSuspend' 'Z' @37  false (0x00)
 - private 'hasStableParameterNames' 'Z' @38  true (0x01)
 - private 'hasSynthesizedParameterNames' 'Z' @39  false (0x00)
 - private 'typeParameters' 'Ljava/util/List;' @40  a 'java/util/Collections$SingletonList'{0x000000062ed50760} (0xc5daa0ec)
 - private 'unsubstitutedValueParameters' 'Ljava/util/List;' @44  a 'java/util/ArrayList'{0x000000062ed50978} (0xc5daa12f)
 - private 'unsubstitutedReturnType' 'Lorg/jetbrains/kotlin/types/KotlinType;' @48  a 'org/jetbrains/kotlin/types/SimpleTypeImpl'{0x000000062ed509d8} (0xc5daa13b)
 - private 'contextReceiverParameters' 'Ljava/util/List;' @52  a 'java/util/ArrayList'{0x000000062ed50a48} (0xc5daa149)
 - private 'extensionReceiverParameter' 'Lorg/jetbrains/kotlin/descriptors/ReceiverParameterDescriptor;' @56  null (0x00000000)
 - private 'dispatchReceiverParameter' 'Lorg/jetbrains/kotlin/descriptors/ReceiverParameterDescriptor;' @60  
[error occurred during error reporting (printing register info), id 0xc0000005, EXCEPTION_ACCESS_VIOLATION (0xc0000005) at pc=0x00007ffad012cf82]
R8 =0x000000062ed50a48 is an oop: java.util.ArrayList 
{0x000000062ed50a48} - klass: 'java/util/ArrayList'
 - ---- fields (total size 3 words):
 - protected transient 'modCount' 'I' @12  0 (0x00000000)
 - private 'size' 'I' @16  0 (0x00000000)
 - transient 'elementData' '[Ljava/lang/Object;' @20  a 'java/lang/Object'[0] {0x00000006014185d0} (0xc02830ba)
R9 =0x00000006014185d0 is an oop: [Ljava.lang.Object; 
{0x00000006014185d0} - klass: 'java/lang/Object'[]
 - length: 0
R10=0x0000000000000020 is an unknown value
R11=0x0000000000000001 is an unknown value
R12=0x0000000000000001 is an unknown value
R13=0x0000016e59b52770 points into unknown readable memory: 0x0000000000000002 | 02 00 00 00 00 00 00 00
R14=0x0000000000000040 is an unknown value
R15=0x0 is null

Top of Stack: (sp=0x000000367b2ff4c0)
0x000000367b2ff4c0:   0000016e64840000 0000016e39150100
0x000000367b2ff4d0:   0000016e00000000 0000000000000011
0x000000367b2ff4e0:   000000062780ca00 0000000000000040
0x000000367b2ff4f0:   000000367b2ff6e0 0000000624c00000
0x000000367b2ff500:   000000062780cc00 00007ffacfdc58ce
0x000000367b2ff510:   000000062bbc1800 0000016e6484b0e0
0x000000367b2ff520:   000000062780cc00 00007ffacfdd0f8b
0x000000367b2ff530:   0000000024e0f2ad 0000002872cdd76a
0x000000367b2ff540:   000000367b2ff590 000000367b2ff6e0
0x000000367b2ff550:   0000016e64fd0e90 00007ffacfdd291c
0x000000367b2ff560:   0000016e64fd0e90 0000000624c00000
0x000000367b2ff570:   000000367b2ff6e0 00007ffad013b03f
0x000000367b2ff580:   000000062780ca00 0000000000000040
0x000000367b2ff590:   00007ffad03e36f8 0000000000000000
0x000000367b2ff5a0:   0000016e39154c00 0000016e6484b0e0
0x000000367b2ff5b0:   000000367b2ff730 00007ffad0283fb7
0x000000367b2ff5c0:   000000000000009a 0000016e5931e3f0
0x000000367b2ff5d0:   0000016e4ce84080 00007ffacfdd45e9
0x000000367b2ff5e0:   000000367b2ff6e0 000000000000000a
0x000000367b2ff5f0:   0000016e4ce84066 0000016e36d40cb0
0x000000367b2ff600:   000000000000000a 000000000000006e
0x000000367b2ff610:   0000016e39153af0 0000000000000010
0x000000367b2ff620:   0000016e36d40cb0 000000367b2ff779
0x000000367b2ff630:   000000367b2ff6e0 00007ffacfdd2e0a
0x000000367b2ff640:   00000000000003d8 0000016e5931e400
0x000000367b2ff650:   0000016e5931e7d8 0000016e64fd0e90
0x000000367b2ff660:   0000016e6484b0e0 0000000024e0f24b
0x000000367b2ff670:   0000002872cd6b3f 000000367b2ff738
0x000000367b2ff680:   000000367b2ff748 0000016e59c16d00
0x000000367b2ff690:   0000016e39154c00 00007ffacfdd4261
0x000000367b2ff6a0:   0000000000000027 0000000000000008
0x000000367b2ff6b0:   0000000000000000 0000000000000000 

Instructions: (pc=0x00007ffacfdc91e9)
0x00007ffacfdc90e9:   fd ff ff 48 8d 57 fe 48 8b cb e8 a8 f3 ff ff e9
0x00007ffacfdc90f9:   d3 fd ff ff 0f 1f 00 48 8b 73 10 8b ae 80 00 00
0x00007ffacfdc9109:   00 8b cd 8b 86 00 01 00 00 2b c8 81 e1 ff ff 01
0x00007ffacfdc9119:   00 41 3b ce 0f 86 4b 02 00 00 ff cd 81 e5 ff ff
0x00007ffacfdc9129:   01 00 89 ae 80 00 00 00 e8 0a 94 36 00 90 8b d5
0x00007ffacfdc9139:   48 8b 86 80 01 00 00 8b cd 48 8b 3c e8 8b 86 00
0x00007ffacfdc9149:   01 00 00 2b c8 81 e1 ff ff 01 00 81 f9 ff ff 01
0x00007ffacfdc9159:   00 41 0f 44 cf 85 c9 75 3d 90 89 6c 24 50 48 8b
0x00007ffacfdc9169:   86 00 01 00 00 48 8b c8 48 c1 e9 20 ff c1 89 4c
0x00007ffacfdc9179:   24 54 3b e8 0f 85 d9 01 00 00 48 c1 e1 20 48 0b
0x00007ffacfdc9189:   ca f0 48 0f b1 8e 00 01 00 00 0f 85 c3 01 00 00
0x00007ffacfdc9199:   8b 86 00 01 00 00 40 f6 c7 01 0f 84 a7 00 00 00
0x00007ffacfdc91a9:   8b 0d 59 bd 7d 00 48 ff cf 48 8b 43 08 44 8b 17
0x00007ffacfdc91b9:   49 d3 e2 8b 88 b0 05 00 00 48 8b 80 a0 05 00 00
0x00007ffacfdc91c9:   4c 03 15 30 bd 7d 00 49 8b d2 48 d3 ea 0f b7 14
0x00007ffacfdc91d9:   50 0f b7 c2 66 c1 e8 08 84 c0 0f 88 17 ff ff ff
0x00007ffacfdc91e9:   4d 8b 02 41 0f b6 c0 24 03 3c 03 75 06 49 83 e0
0x00007ffacfdc91f9:   fc eb 11 4d 8b c8 48 8b cb 4d 8b c2 e8 46 ed ff
0x00007ffacfdc9209:   ff 4c 8b c0 8b 0d f5 bc 7d 00 49 8b d0 48 2b 15
0x00007ffacfdc9219:   e3 bc 7d 00 48 d3 ea 89 17 49 8b d0 8b 0d a5 ff
0x00007ffacfdc9229:   83 00 48 33 d7 48 d3 ea 48 85 d2 0f 84 c6 fe ff
0x00007ffacfdc9239:   ff 48 8b 43 08 8b 88 b0 05 00 00 4c 8b 88 a0 05
0x00007ffacfdc9249:   00 00 e9 87 00 00 00 40 f6 c7 03 0f 85 f1 00 00
0x00007ffacfdc9259:   00 48 8b 43 08 4c 8b 17 49 8b d2 8b 88 b0 05 00
0x00007ffacfdc9269:   00 48 8b 80 a0 05 00 00 48 d3 ea 0f b7 14 50 0f
0x00007ffacfdc9279:   b7 c2 66 c1 e8 08 84 c0 0f 88 79 fe ff ff 4d 8b
0x00007ffacfdc9289:   02 41 0f b6 c0 24 03 3c 03 75 06 49 83 e0 fc eb
0x00007ffacfdc9299:   11 4d 8b c8 48 8b cb 4d 8b c2 e8 a8 ec ff ff 4c
0x00007ffacfdc92a9:   8b c0 49 8b d0 4c 89 07 8b 0d 19 ff 83 00 48 33
0x00007ffacfdc92b9:   d7 48 d3 ea 48 85 d2 0f 84 3a fe ff ff 48 8b 53
0x00007ffacfdc92c9:   08 8b 8a b0 05 00 00 4c 8b 8a a0 05 00 00 48 8b
0x00007ffacfdc92d9:   c7 48 d3 e8 41 0f b7 14 41 66 c1 ea 08 80 fa fe 


Stack slot to memory mapping:

stack at sp + 0 slots: 0x0000016e64840000 points into unknown readable memory: 0x992d00b635123300 | 00 33 12 35 b6 00 2d 99
stack at sp + 1 slots: 0x0000016e39150100 points into unknown readable memory: 0x0000000000000000 | 00 00 00 00 00 00 00 00
stack at sp + 2 slots: 0x0000016e00000000 is an unknown value
stack at sp + 3 slots: 0x0000000000000011 is an unknown value
stack at sp + 4 slots: 
[error occurred during error reporting (inspecting top of stack), id 0xc0000005, EXCEPTION_ACCESS_VIOLATION (0xc0000005) at pc=0x00007ffacfbaa221]
stack at sp + 5 slots: 0x0000000000000040 is an unknown value
stack at sp + 6 slots: 0x000000367b2ff6e0 points into unknown readable memory: 0x00007ffad03e3888 | 88 38 3e d0 fa 7f 00 00
stack at sp + 7 slots: 0x0000000624c00000 is an oop: [Ljava.lang.Object; 
{0x0000000624c00000} - klass: 'java/lang/Object'[]
 - length: 16777216


---------------  P R O C E S S  ---------------

Threads class SMR info:
_java_thread_list=0x0000016e5f2e3f60, length=11, elements={
0x0000016e36d410d0, 0x0000016e59210760, 0x0000016e592136f0, 0x0000016e5922a500,
0x0000016e59232f50, 0x0000016e592424d0, 0x0000016e59242f30, 0x0000016e59243990,
0x0000016e59245730, 0x0000016e592461d0, 0x0000016e593f21a0
}

Java Threads: ( => current thread )
  0x0000016e36d410d0 JavaThread "main"                              [_thread_blocked, id=7456, stack(0x0000003679200000,0x0000003679300000) (1024K)]
  0x0000016e59210760 JavaThread "Common-Cleaner"             daemon [_thread_blocked, id=17136, stack(0x0000003679a00000,0x0000003679b00000) (1024K)]
  0x0000016e592136f0 JavaThread "Reference Handler"          daemon [_thread_blocked, id=13780, stack(0x0000003679b00000,0x0000003679c00000) (1024K)]
  0x0000016e5922a500 JavaThread "Finalizer"                  daemon [_thread_blocked, id=8664, stack(0x0000003679c00000,0x0000003679d00000) (1024K)]
  0x0000016e59232f50 JavaThread "Signal Dispatcher"          daemon [_thread_blocked, id=15580, stack(0x0000003679d00000,0x0000003679e00000) (1024K)]
  0x0000016e592424d0 JavaThread "Attach Listener"            daemon [_thread_blocked, id=664, stack(0x0000003679e00000,0x0000003679f00000) (1024K)]
  0x0000016e59242f30 JavaThread "Service Thread"             daemon [_thread_blocked, id=2280, stack(0x0000003679f00000,0x000000367a000000) (1024K)]
  0x0000016e59243990 JavaThread "Monitor Deflation Thread"   daemon [_thread_blocked, id=21336, stack(0x000000367a000000,0x000000367a100000) (1024K)]
  0x0000016e59245730 JavaThread "C2 CompilerThread0"         daemon [_thread_blocked, id=5340, stack(0x000000367a100000,0x000000367a200000) (1024K)]
  0x0000016e592461d0 JavaThread "C1 CompilerThread0"         daemon [_thread_blocked, id=2508, stack(0x000000367a200000,0x000000367a300000) (1024K)]
  0x0000016e593f21a0 JavaThread "Notification Thread"        daemon [_thread_blocked, id=18844, stack(0x000000367a400000,0x000000367a500000) (1024K)]
Total: 11

Other Threads:
  0x0000016e591be9c0 VMThread "VM Thread"                           [id=4524, stack(0x0000003679900000,0x0000003679a00000) (1024K)]
  0x0000016e5834d710 WatcherThread "VM Periodic Task Thread"        [id=9152, stack(0x0000003679800000,0x0000003679900000) (1024K)]
  0x0000016e391eb450 WorkerThread "GC Thread#0"                     [id=21060, stack(0x0000003679300000,0x0000003679400000) (1024K)]
  0x0000016e59c170a0 WorkerThread "GC Thread#1"                     [id=23676, stack(0x000000367a900000,0x000000367aa00000) (1024K)]
  0x0000016e59c17440 WorkerThread "GC Thread#2"                     [id=4848, stack(0x000000367aa00000,0x000000367ab00000) (1024K)]
  0x0000016e59c04460 WorkerThread "GC Thread#3"                     [id=23052, stack(0x000000367ab00000,0x000000367ac00000) (1024K)]
  0x0000016e59c04800 WorkerThread "GC Thread#4"                     [id=17912, stack(0x000000367ac00000,0x000000367ad00000) (1024K)]
  0x0000016e59c04ba0 WorkerThread "GC Thread#5"                     [id=14260, stack(0x000000367ad00000,0x000000367ae00000) (1024K)]
  0x0000016e59c69d30 WorkerThread "GC Thread#6"                     [id=736, stack(0x000000367ae00000,0x000000367af00000) (1024K)]
  0x0000016e59c6a810 WorkerThread "GC Thread#7"                     [id=21900, stack(0x000000367af00000,0x000000367b000000) (1024K)]
  0x0000016e59c69990 WorkerThread "GC Thread#8"                     [id=24452, stack(0x000000367b000000,0x000000367b100000) (1024K)]
  0x0000016e59c69250 WorkerThread "GC Thread#9"                     [id=16408, stack(0x000000367b100000,0x000000367b200000) (1024K)]
=>0x0000016e59c6a470 WorkerThread "GC Thread#10"                    [id=15340, stack(0x000000367b200000,0x000000367b300000) (1024K)]
  0x0000016e59c6a0d0 WorkerThread "GC Thread#11"                    [id=3708, stack(0x000000367b300000,0x000000367b400000) (1024K)]
  0x0000016e5fda9130 WorkerThread "GC Thread#12"                    [id=13932, stack(0x000000367bb00000,0x000000367bc00000) (1024K)]
  0x0000016e5fda9c10 WorkerThread "GC Thread#13"                    [id=12964, stack(0x000000367bc00000,0x000000367bd00000) (1024K)]
  0x0000016e5fda9fb0 WorkerThread "GC Thread#14"                    [id=4984, stack(0x000000367bd00000,0x000000367be00000) (1024K)]
  0x0000016e391fe540 ConcurrentGCThread "G1 Main Marker"            [id=696, stack(0x0000003679400000,0x0000003679500000) (1024K)]
  0x0000016e391ff7e0 WorkerThread "G1 Conc#0"                       [id=11892, stack(0x0000003679500000,0x0000003679600000) (1024K)]
  0x0000016e5e48cf70 WorkerThread "G1 Conc#1"                       [id=12152, stack(0x000000367b400000,0x000000367b500000) (1024K)]
  0x0000016e5e48a050 WorkerThread "G1 Conc#2"                       [id=10012, stack(0x000000367b500000,0x000000367b600000) (1024K)]
  0x0000016e5e48b610 WorkerThread "G1 Conc#3"                       [id=17312, stack(0x000000367b600000,0x000000367b700000) (1024K)]
  0x0000016e5820c200 ConcurrentGCThread "G1 Refine#0"               [id=20660, stack(0x0000003679600000,0x0000003679700000) (1024K)]
  0x0000016e5820dc20 ConcurrentGCThread "G1 Service"                [id=11556, stack(0x0000003679700000,0x0000003679800000) (1024K)]
Total: 24

Threads with active compile tasks:
Total: 0

VM state: at safepoint (normal execution)

VM Mutex/Monitor currently owned by a thread:  ([mutex/lock_event])
[0x00007ffad0621468] Threads_lock - owner thread: 0x0000016e591be9c0
[0x00007ffad0621568] Heap_lock - owner thread: 0x0000016e36d410d0

Heap address: 0x0000000601000000, size: 8176 MB, Compressed Oops mode: Zero based, Oop shift amount: 3

CDS archive(s) not mapped
Compressed class space mapped at: 0x0000000800000000-0x0000000840000000, reserved size: 1073741824
Narrow klass base: 0x0000000800000000, Narrow klass shift: 0, Narrow klass range: 0x40000000

GC Precious Log:
 CardTable entry size: 512
 Card Set container configuration: InlinePtr #cards 4 size 8 Array Of Cards #cards 32 size 80 Howl #buckets 8 coarsen threshold 7372 Howl Bitmap #cards 1024 size 144 coarsen threshold 921 Card regions per heap region 1 cards per card region 8192
 CPUs: 20 total, 20 available
 Memory: 32693M
 Large Page Support: Disabled
 NUMA Support: Disabled
 Compressed Oops: Enabled (Zero based)
 Heap Region Size: 4M
 Heap Min Capacity: 8M
 Heap Initial Capacity: 512M
 Heap Max Capacity: 8176M
 Pre-touch: Disabled
 Parallel Workers: 15
 Concurrent Workers: 4
 Concurrent Refinement Workers: 15
 Periodic GC: Disabled

Heap:
 garbage-first heap   total 1318912K, used 1109192K [0x0000000601000000, 0x0000000800000000)
  region size 4096K, 89 young (364544K), 11 survivors (45056K)
 Metaspace       used 72507K, committed 73280K, reserved 1179648K
  class space    used 7688K, committed 8064K, reserved 1048576K

Heap Regions: E=young(eden), S=young(survivor), O=old, HS=humongous(starts), HC=humongous(continues), CS=collection set, F=free, TAMS=top-at-mark-start, PB=parsable bottom
|   0|0x0000000601000000, 0x0000000601400000, 0x0000000601400000|100%|HS|  |TAMS 0x0000000601000000| PB 0x0000000601000000| Complete 
|   1|0x0000000601400000, 0x0000000601800000, 0x0000000601800000|100%| O|  |TAMS 0x0000000601400000| PB 0x0000000601400000| Untracked 
|   2|0x0000000601800000, 0x0000000601c00000, 0x0000000601c00000|100%| O|  |TAMS 0x0000000601800000| PB 0x0000000601800000| Untracked 
|   3|0x0000000601c00000, 0x0000000602000000, 0x0000000602000000|100%| O|  |TAMS 0x0000000601c00000| PB 0x0000000601c00000| Untracked 
|   4|0x0000000602000000, 0x0000000602400000, 0x0000000602400000|100%| O|  |TAMS 0x0000000602000000| PB 0x0000000602000000| Untracked 
|   5|0x0000000602400000, 0x0000000602800000, 0x0000000602800000|100%| O|  |TAMS 0x0000000602400000| PB 0x0000000602400000| Untracked 
|   6|0x0000000602800000, 0x0000000602c00000, 0x0000000602c00000|100%| O|  |TAMS 0x0000000602800000| PB 0x0000000602800000| Untracked 
|   7|0x0000000602c00000, 0x0000000603000000, 0x0000000603000000|100%| O|  |TAMS 0x0000000602c00000| PB 0x0000000602c00000| Untracked 
|   8|0x0000000603000000, 0x0000000603400000, 0x0000000603400000|100%| O|  |TAMS 0x0000000603000000| PB 0x0000000603000000| Untracked 
|   9|0x0000000603400000, 0x0000000603800000, 0x0000000603800000|100%| O|  |TAMS 0x0000000603400000| PB 0x0000000603400000| Untracked 
|  10|0x0000000603800000, 0x0000000603c00000, 0x0000000603c00000|100%| O|  |TAMS 0x0000000603800000| PB 0x0000000603800000| Untracked 
|  11|0x0000000603c00000, 0x0000000604000000, 0x0000000604000000|100%| O|  |TAMS 0x0000000603c00000| PB 0x0000000603c00000| Untracked 
|  12|0x0000000604000000, 0x0000000604400000, 0x0000000604400000|100%| O|  |TAMS 0x0000000604000000| PB 0x0000000604000000| Untracked 
|  13|0x0000000604400000, 0x0000000604800000, 0x0000000604800000|100%| O|  |TAMS 0x0000000604400000| PB 0x0000000604400000| Untracked 
|  14|0x0000000604800000, 0x0000000604c00000, 0x0000000604c00000|100%| O|  |TAMS 0x0000000604800000| PB 0x0000000604800000| Untracked 
|  15|0x0000000604c00000, 0x0000000605000000, 0x0000000605000000|100%| O|  |TAMS 0x0000000604c00000| PB 0x0000000604c00000| Untracked 
|  16|0x0000000605000000, 0x0000000605400000, 0x0000000605400000|100%| O|  |TAMS 0x0000000605000000| PB 0x0000000605000000| Untracked 
|  17|0x0000000605400000, 0x0000000605800000, 0x0000000605800000|100%| O|  |TAMS 0x0000000605400000| PB 0x0000000605400000| Untracked 
|  18|0x0000000605800000, 0x0000000605c00000, 0x0000000605c00000|100%| O|  |TAMS 0x0000000605800000| PB 0x0000000605800000| Untracked 
|  19|0x0000000605c00000, 0x0000000606000000, 0x0000000606000000|100%| O|  |TAMS 0x0000000605c00000| PB 0x0000000605c00000| Untracked 
|  20|0x0000000606000000, 0x0000000606400000, 0x0000000606400000|100%| O|  |TAMS 0x0000000606000000| PB 0x0000000606000000| Untracked 
|  21|0x0000000606400000, 0x0000000606800000, 0x0000000606800000|100%| O|  |TAMS 0x0000000606400000| PB 0x0000000606400000| Untracked 
|  22|0x0000000606800000, 0x0000000606c00000, 0x0000000606c00000|100%| O|  |TAMS 0x0000000606800000| PB 0x0000000606800000| Untracked 
|  23|0x0000000606c00000, 0x0000000607000000, 0x0000000607000000|100%| O|  |TAMS 0x0000000606c00000| PB 0x0000000606c00000| Untracked 
|  24|0x0000000607000000, 0x0000000607400000, 0x0000000607400000|100%| O|  |TAMS 0x0000000607000000| PB 0x0000000607000000| Untracked 
|  25|0x0000000607400000, 0x0000000607800000, 0x0000000607800000|100%| O|  |TAMS 0x0000000607400000| PB 0x0000000607400000| Untracked 
|  26|0x0000000607800000, 0x0000000607c00000, 0x0000000607c00000|100%| O|  |TAMS 0x0000000607800000| PB 0x0000000607800000| Untracked 
|  27|0x0000000607c00000, 0x0000000608000000, 0x0000000608000000|100%| O|  |TAMS 0x0000000607c00000| PB 0x0000000607c00000| Untracked 
|  28|0x0000000608000000, 0x0000000608400000, 0x0000000608400000|100%| O|  |TAMS 0x0000000608000000| PB 0x0000000608000000| Untracked 
|  29|0x0000000608400000, 0x0000000608800000, 0x0000000608800000|100%| O|  |TAMS 0x0000000608400000| PB 0x0000000608400000| Untracked 
|  30|0x0000000608800000, 0x0000000608c00000, 0x0000000608c00000|100%| O|  |TAMS 0x0000000608800000| PB 0x0000000608800000| Untracked 
|  31|0x0000000608c00000, 0x0000000609000000, 0x0000000609000000|100%| O|  |TAMS 0x0000000608c00000| PB 0x0000000608c00000| Untracked 
|  32|0x0000000609000000, 0x0000000609400000, 0x0000000609400000|100%| O|  |TAMS 0x0000000609000000| PB 0x0000000609000000| Untracked 
|  33|0x0000000609400000, 0x0000000609800000, 0x0000000609800000|100%| O|  |TAMS 0x0000000609400000| PB 0x0000000609400000| Untracked 
|  34|0x0000000609800000, 0x0000000609c00000, 0x0000000609c00000|100%| O|  |TAMS 0x0000000609800000| PB 0x0000000609800000| Untracked 
|  35|0x0000000609c00000, 0x000000060a000000, 0x000000060a000000|100%| O|  |TAMS 0x0000000609c00000| PB 0x0000000609c00000| Untracked 
|  36|0x000000060a000000, 0x000000060a400000, 0x000000060a400000|100%| O|  |TAMS 0x000000060a000000| PB 0x000000060a000000| Untracked 
|  37|0x000000060a400000, 0x000000060a800000, 0x000000060a800000|100%| O|  |TAMS 0x000000060a400000| PB 0x000000060a400000| Untracked 
|  38|0x000000060a800000, 0x000000060ac00000, 0x000000060ac00000|100%| O|  |TAMS 0x000000060a800000| PB 0x000000060a800000| Untracked 
|  39|0x000000060ac00000, 0x000000060b000000, 0x000000060b000000|100%| O|  |TAMS 0x000000060ac00000| PB 0x000000060ac00000| Untracked 
|  40|0x000000060b000000, 0x000000060b400000, 0x000000060b400000|100%| O|  |TAMS 0x000000060b000000| PB 0x000000060b000000| Untracked 
|  41|0x000000060b400000, 0x000000060b800000, 0x000000060b800000|100%| O|  |TAMS 0x000000060b400000| PB 0x000000060b400000| Untracked 
|  42|0x000000060b800000, 0x000000060bc00000, 0x000000060bc00000|100%| O|  |TAMS 0x000000060b800000| PB 0x000000060b800000| Untracked 
|  43|0x000000060bc00000, 0x000000060c000000, 0x000000060c000000|100%| O|  |TAMS 0x000000060bc00000| PB 0x000000060bc00000| Untracked 
|  44|0x000000060c000000, 0x000000060c400000, 0x000000060c400000|100%| O|  |TAMS 0x000000060c000000| PB 0x000000060c000000| Untracked 
|  45|0x000000060c400000, 0x000000060c800000, 0x000000060c800000|100%| O|  |TAMS 0x000000060c400000| PB 0x000000060c400000| Untracked 
|  46|0x000000060c800000, 0x000000060cc00000, 0x000000060cc00000|100%| O|  |TAMS 0x000000060c800000| PB 0x000000060c800000| Untracked 
|  47|0x000000060cc00000, 0x000000060d000000, 0x000000060d000000|100%| O|  |TAMS 0x000000060cc00000| PB 0x000000060cc00000| Untracked 
|  48|0x000000060d000000, 0x000000060d400000, 0x000000060d400000|100%| O|  |TAMS 0x000000060d000000| PB 0x000000060d000000| Untracked 
|  49|0x000000060d400000, 0x000000060d800000, 0x000000060d800000|100%| O|  |TAMS 0x000000060d400000| PB 0x000000060d400000| Untracked 
|  50|0x000000060d800000, 0x000000060dc00000, 0x000000060dc00000|100%| O|  |TAMS 0x000000060d800000| PB 0x000000060d800000| Untracked 
|  51|0x000000060dc00000, 0x000000060e000000, 0x000000060e000000|100%| O|  |TAMS 0x000000060dc00000| PB 0x000000060dc00000| Untracked 
|  52|0x000000060e000000, 0x000000060e400000, 0x000000060e400000|100%| O|  |TAMS 0x000000060e000000| PB 0x000000060e000000| Untracked 
|  53|0x000000060e400000, 0x000000060e800000, 0x000000060e800000|100%| O|  |TAMS 0x000000060e400000| PB 0x000000060e400000| Untracked 
|  54|0x000000060e800000, 0x000000060ec00000, 0x000000060ec00000|100%| O|  |TAMS 0x000000060e800000| PB 0x000000060e800000| Untracked 
|  55|0x000000060ec00000, 0x000000060f000000, 0x000000060f000000|100%| O|  |TAMS 0x000000060ec00000| PB 0x000000060ec00000| Untracked 
|  56|0x000000060f000000, 0x000000060f400000, 0x000000060f400000|100%| O|  |TAMS 0x000000060f000000| PB 0x000000060f000000| Untracked 
|  57|0x000000060f400000, 0x000000060f800000, 0x000000060f800000|100%| O|  |TAMS 0x000000060f400000| PB 0x000000060f400000| Untracked 
|  58|0x000000060f800000, 0x000000060fc00000, 0x000000060fc00000|100%| O|  |TAMS 0x000000060f800000| PB 0x000000060f800000| Untracked 
|  59|0x000000060fc00000, 0x0000000610000000, 0x0000000610000000|100%| O|  |TAMS 0x000000060fc00000| PB 0x000000060fc00000| Untracked 
|  60|0x0000000610000000, 0x0000000610400000, 0x0000000610400000|100%| O|  |TAMS 0x0000000610000000| PB 0x0000000610000000| Untracked 
|  61|0x0000000610400000, 0x0000000610800000, 0x0000000610800000|100%| O|  |TAMS 0x0000000610400000| PB 0x0000000610400000| Untracked 
|  62|0x0000000610800000, 0x0000000610c00000, 0x0000000610c00000|100%| O|  |TAMS 0x0000000610800000| PB 0x0000000610800000| Untracked 
|  63|0x0000000610c00000, 0x0000000611000000, 0x0000000611000000|100%| O|  |TAMS 0x0000000610c00000| PB 0x0000000610c00000| Untracked 
|  64|0x0000000611000000, 0x0000000611400000, 0x0000000611400000|100%| O|  |TAMS 0x0000000611000000| PB 0x0000000611000000| Untracked 
|  65|0x0000000611400000, 0x0000000611800000, 0x0000000611800000|100%| O|  |TAMS 0x0000000611400000| PB 0x0000000611400000| Untracked 
|  66|0x0000000611800000, 0x0000000611c00000, 0x0000000611c00000|100%| O|  |TAMS 0x0000000611800000| PB 0x0000000611800000| Untracked 
|  67|0x0000000611c00000, 0x0000000612000000, 0x0000000612000000|100%| O|  |TAMS 0x0000000611c00000| PB 0x0000000611c00000| Untracked 
|  68|0x0000000612000000, 0x0000000612400000, 0x0000000612400000|100%| O|  |TAMS 0x0000000612000000| PB 0x0000000612000000| Untracked 
|  69|0x0000000612400000, 0x0000000612800000, 0x0000000612800000|100%| O|  |TAMS 0x0000000612400000| PB 0x0000000612400000| Untracked 
|  70|0x0000000612800000, 0x0000000612c00000, 0x0000000612c00000|100%| O|  |TAMS 0x0000000612800000| PB 0x0000000612800000| Untracked 
|  71|0x0000000612c00000, 0x0000000613000000, 0x0000000613000000|100%| O|  |TAMS 0x0000000612c00000| PB 0x0000000612c00000| Untracked 
|  72|0x0000000613000000, 0x0000000613400000, 0x0000000613400000|100%| O|  |TAMS 0x0000000613000000| PB 0x0000000613000000| Untracked 
|  73|0x0000000613400000, 0x0000000613800000, 0x0000000613800000|100%| O|  |TAMS 0x0000000613400000| PB 0x0000000613400000| Untracked 
|  74|0x0000000613800000, 0x0000000613c00000, 0x0000000613c00000|100%| O|  |TAMS 0x0000000613800000| PB 0x0000000613800000| Untracked 
|  75|0x0000000613c00000, 0x0000000614000000, 0x0000000614000000|100%| O|  |TAMS 0x0000000613c00000| PB 0x0000000613c00000| Untracked 
|  76|0x0000000614000000, 0x0000000614400000, 0x0000000614400000|100%| O|  |TAMS 0x0000000614000000| PB 0x0000000614000000| Untracked 
|  77|0x0000000614400000, 0x0000000614800000, 0x0000000614800000|100%| O|  |TAMS 0x0000000614400000| PB 0x0000000614400000| Untracked 
|  78|0x0000000614800000, 0x0000000614c00000, 0x0000000614c00000|100%| O|  |TAMS 0x0000000614800000| PB 0x0000000614800000| Untracked 
|  79|0x0000000614c00000, 0x0000000615000000, 0x0000000615000000|100%| O|  |TAMS 0x0000000614c00000| PB 0x0000000614c00000| Untracked 
|  80|0x0000000615000000, 0x0000000615400000, 0x0000000615400000|100%| O|  |TAMS 0x0000000615000000| PB 0x0000000615000000| Untracked 
|  81|0x0000000615400000, 0x0000000615800000, 0x0000000615800000|100%| O|  |TAMS 0x0000000615400000| PB 0x0000000615400000| Untracked 
|  82|0x0000000615800000, 0x0000000615c00000, 0x0000000615c00000|100%| O|  |TAMS 0x0000000615800000| PB 0x0000000615800000| Untracked 
|  83|0x0000000615c00000, 0x0000000616000000, 0x0000000616000000|100%| O|  |TAMS 0x0000000615c00000| PB 0x0000000615c00000| Untracked 
|  84|0x0000000616000000, 0x0000000616400000, 0x0000000616400000|100%| O|  |TAMS 0x0000000616000000| PB 0x0000000616000000| Untracked 
|  85|0x0000000616400000, 0x0000000616800000, 0x0000000616800000|100%| O|  |TAMS 0x0000000616400000| PB 0x0000000616400000| Untracked 
|  86|0x0000000616800000, 0x0000000616c00000, 0x0000000616c00000|100%| O|  |TAMS 0x0000000616800000| PB 0x0000000616800000| Untracked 
|  87|0x0000000616c00000, 0x0000000617000000, 0x0000000617000000|100%| O|  |TAMS 0x0000000616c00000| PB 0x0000000616c00000| Untracked 
|  88|0x0000000617000000, 0x0000000617400000, 0x0000000617400000|100%| O|  |TAMS 0x0000000617000000| PB 0x0000000617000000| Untracked 
|  89|0x0000000617400000, 0x0000000617800000, 0x0000000617800000|100%| O|  |TAMS 0x0000000617400000| PB 0x0000000617400000| Untracked 
|  90|0x0000000617800000, 0x0000000617c00000, 0x0000000617c00000|100%| O|  |TAMS 0x0000000617800000| PB 0x0000000617800000| Untracked 
|  91|0x0000000617c00000, 0x0000000618000000, 0x0000000618000000|100%| O|  |TAMS 0x0000000617c00000| PB 0x0000000617c00000| Untracked 
|  92|0x0000000618000000, 0x0000000618400000, 0x0000000618400000|100%| O|  |TAMS 0x0000000618000000| PB 0x0000000618000000| Untracked 
|  93|0x0000000618400000, 0x0000000618800000, 0x0000000618800000|100%| O|  |TAMS 0x0000000618400000| PB 0x0000000618400000| Untracked 
|  94|0x0000000618800000, 0x0000000618c00000, 0x0000000618c00000|100%| O|  |TAMS 0x0000000618800000| PB 0x0000000618800000| Untracked 
|  95|0x0000000618c00000, 0x0000000619000000, 0x0000000619000000|100%| O|  |TAMS 0x0000000618c00000| PB 0x0000000618c00000| Untracked 
|  96|0x0000000619000000, 0x0000000619400000, 0x0000000619400000|100%| O|  |TAMS 0x0000000619000000| PB 0x0000000619000000| Untracked 
|  97|0x0000000619400000, 0x0000000619800000, 0x0000000619800000|100%| O|  |TAMS 0x0000000619400000| PB 0x0000000619400000| Untracked 
|  98|0x0000000619800000, 0x0000000619c00000, 0x0000000619c00000|100%| O|  |TAMS 0x0000000619800000| PB 0x0000000619800000| Untracked 
|  99|0x0000000619c00000, 0x000000061a000000, 0x000000061a000000|100%| O|  |TAMS 0x0000000619c00000| PB 0x0000000619c00000| Untracked 
| 100|0x000000061a000000, 0x000000061a400000, 0x000000061a400000|100%| O|  |TAMS 0x000000061a000000| PB 0x000000061a000000| Untracked 
| 101|0x000000061a400000, 0x000000061a800000, 0x000000061a800000|100%| O|  |TAMS 0x000000061a400000| PB 0x000000061a400000| Untracked 
| 102|0x000000061a800000, 0x000000061ac00000, 0x000000061ac00000|100%| O|  |TAMS 0x000000061a800000| PB 0x000000061a800000| Untracked 
| 103|0x000000061ac00000, 0x000000061b000000, 0x000000061b000000|100%| O|  |TAMS 0x000000061ac00000| PB 0x000000061ac00000| Untracked 
| 104|0x000000061b000000, 0x000000061b400000, 0x000000061b400000|100%| O|  |TAMS 0x000000061b000000| PB 0x000000061b000000| Untracked 
| 105|0x000000061b400000, 0x000000061b800000, 0x000000061b800000|100%| O|  |TAMS 0x000000061b400000| PB 0x000000061b400000| Untracked 
| 106|0x000000061b800000, 0x000000061bc00000, 0x000000061bc00000|100%| O|  |TAMS 0x000000061b800000| PB 0x000000061b800000| Untracked 
| 107|0x000000061bc00000, 0x000000061c000000, 0x000000061c000000|100%| O|  |TAMS 0x000000061bc00000| PB 0x000000061bc00000| Untracked 
| 108|0x000000061c000000, 0x000000061c400000, 0x000000061c400000|100%| O|  |TAMS 0x000000061c000000| PB 0x000000061c000000| Untracked 
| 109|0x000000061c400000, 0x000000061c800000, 0x000000061c800000|100%| O|  |TAMS 0x000000061c400000| PB 0x000000061c400000| Untracked 
| 110|0x000000061c800000, 0x000000061cc00000, 0x000000061cc00000|100%| O|  |TAMS 0x000000061c800000| PB 0x000000061c800000| Untracked 
| 111|0x000000061cc00000, 0x000000061d000000, 0x000000061d000000|100%| O|  |TAMS 0x000000061cc00000| PB 0x000000061cc00000| Untracked 
| 112|0x000000061d000000, 0x000000061d400000, 0x000000061d400000|100%| O|  |TAMS 0x000000061d000000| PB 0x000000061d000000| Untracked 
| 113|0x000000061d400000, 0x000000061d800000, 0x000000061d800000|100%| O|  |TAMS 0x000000061d400000| PB 0x000000061d400000| Untracked 
| 114|0x000000061d800000, 0x000000061dc00000, 0x000000061dc00000|100%| O|  |TAMS 0x000000061d800000| PB 0x000000061d800000| Untracked 
| 115|0x000000061dc00000, 0x000000061e000000, 0x000000061e000000|100%| O|  |TAMS 0x000000061dc00000| PB 0x000000061dc00000| Untracked 
| 116|0x000000061e000000, 0x000000061e400000, 0x000000061e400000|100%| O|  |TAMS 0x000000061e000000| PB 0x000000061e000000| Untracked 
| 117|0x000000061e400000, 0x000000061e800000, 0x000000061e800000|100%| O|  |TAMS 0x000000061e400000| PB 0x000000061e400000| Untracked 
| 118|0x000000061e800000, 0x000000061ec00000, 0x000000061ec00000|100%| O|  |TAMS 0x000000061e800000| PB 0x000000061e800000| Untracked 
| 119|0x000000061ec00000, 0x000000061f000000, 0x000000061f000000|100%| O|  |TAMS 0x000000061ec00000| PB 0x000000061ec00000| Untracked 
| 120|0x000000061f000000, 0x000000061f400000, 0x000000061f400000|100%| O|  |TAMS 0x000000061f000000| PB 0x000000061f000000| Untracked 
| 121|0x000000061f400000, 0x000000061f800000, 0x000000061f800000|100%| O|  |TAMS 0x000000061f400000| PB 0x000000061f400000| Untracked 
| 122|0x000000061f800000, 0x000000061fc00000, 0x000000061fc00000|100%| O|  |TAMS 0x000000061f800000| PB 0x000000061f800000| Untracked 
| 123|0x000000061fc00000, 0x0000000620000000, 0x0000000620000000|100%| O|  |TAMS 0x000000061fc00000| PB 0x000000061fc00000| Untracked 
| 124|0x0000000620000000, 0x0000000620400000, 0x0000000620400000|100%| O|  |TAMS 0x0000000620000000| PB 0x0000000620000000| Untracked 
| 125|0x0000000620400000, 0x0000000620800000, 0x0000000620800000|100%| O|  |TAMS 0x0000000620400000| PB 0x0000000620400000| Untracked 
| 126|0x0000000620800000, 0x0000000620c00000, 0x0000000620c00000|100%| O|  |TAMS 0x0000000620800000| PB 0x0000000620800000| Untracked 
| 127|0x0000000620c00000, 0x0000000621000000, 0x0000000621000000|100%| O|  |TAMS 0x0000000620c00000| PB 0x0000000620c00000| Untracked 
| 128|0x0000000621000000, 0x0000000621400000, 0x0000000621400000|100%| O|  |TAMS 0x0000000621000000| PB 0x0000000621000000| Untracked 
| 129|0x0000000621400000, 0x0000000621800000, 0x0000000621800000|100%| O|  |TAMS 0x0000000621400000| PB 0x0000000621400000| Untracked 
| 130|0x0000000621800000, 0x0000000621c00000, 0x0000000621c00000|100%| O|  |TAMS 0x0000000621800000| PB 0x0000000621800000| Untracked 
| 131|0x0000000621c00000, 0x0000000622000000, 0x0000000622000000|100%| O|  |TAMS 0x0000000621c00000| PB 0x0000000621c00000| Untracked 
| 132|0x0000000622000000, 0x0000000622400000, 0x0000000622400000|100%| O|  |TAMS 0x0000000622000000| PB 0x0000000622000000| Untracked 
| 133|0x0000000622400000, 0x0000000622800000, 0x0000000622800000|100%| O|  |TAMS 0x0000000622400000| PB 0x0000000622400000| Untracked 
| 134|0x0000000622800000, 0x0000000622c00000, 0x0000000622c00000|100%| O|  |TAMS 0x0000000622800000| PB 0x0000000622800000| Untracked 
| 135|0x0000000622c00000, 0x0000000623000000, 0x0000000623000000|100%| O|  |TAMS 0x0000000622c00000| PB 0x0000000622c00000| Untracked 
| 136|0x0000000623000000, 0x0000000623400000, 0x0000000623400000|100%| O|  |TAMS 0x0000000623000000| PB 0x0000000623000000| Untracked 
| 137|0x0000000623400000, 0x0000000623800000, 0x0000000623800000|100%| O|  |TAMS 0x0000000623400000| PB 0x0000000623400000| Untracked 
| 138|0x0000000623800000, 0x0000000623c00000, 0x0000000623c00000|100%| O|  |TAMS 0x0000000623800000| PB 0x0000000623800000| Untracked 
| 139|0x0000000623c00000, 0x0000000624000000, 0x0000000624000000|100%| O|  |TAMS 0x0000000623c00000| PB 0x0000000623c00000| Untracked 
| 140|0x0000000624000000, 0x0000000624400000, 0x0000000624400000|100%| O|  |TAMS 0x0000000624000000| PB 0x0000000624000000| Untracked 
| 141|0x0000000624400000, 0x0000000624800000, 0x0000000624800000|100%| O|  |TAMS 0x0000000624400000| PB 0x0000000624400000| Untracked 
| 142|0x0000000624800000, 0x0000000624c00000, 0x0000000624c00000|100%| O|  |TAMS 0x0000000624800000| PB 0x0000000624800000| Untracked 
| 143|0x0000000624c00000, 0x0000000625000000, 0x0000000625000000|100%|HS|  |TAMS 0x0000000624c00000| PB 0x0000000624c00000| Complete 
| 144|0x0000000625000000, 0x0000000625400000, 0x0000000625400000|100%|HC|  |TAMS 0x0000000625000000| PB 0x0000000625000000| Complete 
| 145|0x0000000625400000, 0x0000000625800000, 0x0000000625800000|100%|HC|  |TAMS 0x0000000625400000| PB 0x0000000625400000| Complete 
| 146|0x0000000625800000, 0x0000000625c00000, 0x0000000625c00000|100%|HC|  |TAMS 0x0000000625800000| PB 0x0000000625800000| Complete 
| 147|0x0000000625c00000, 0x0000000626000000, 0x0000000626000000|100%|HC|  |TAMS 0x0000000625c00000| PB 0x0000000625c00000| Complete 
| 148|0x0000000626000000, 0x0000000626400000, 0x0000000626400000|100%|HC|  |TAMS 0x0000000626000000| PB 0x0000000626000000| Complete 
| 149|0x0000000626400000, 0x0000000626800000, 0x0000000626800000|100%|HC|  |TAMS 0x0000000626400000| PB 0x0000000626400000| Complete 
| 150|0x0000000626800000, 0x0000000626c00000, 0x0000000626c00000|100%|HC|  |TAMS 0x0000000626800000| PB 0x0000000626800000| Complete 
| 151|0x0000000626c00000, 0x0000000627000000, 0x0000000627000000|100%|HC|  |TAMS 0x0000000626c00000| PB 0x0000000626c00000| Complete 
| 152|0x0000000627000000, 0x0000000627400000, 0x0000000627400000|100%|HC|  |TAMS 0x0000000627000000| PB 0x0000000627000000| Complete 
| 153|0x0000000627400000, 0x0000000627800000, 0x0000000627800000|100%|HC|  |TAMS 0x0000000627400000| PB 0x0000000627400000| Complete 
| 154|0x0000000627800000, 0x0000000627c00000, 0x0000000627c00000|100%|HC|  |TAMS 0x0000000627800000| PB 0x0000000627800000| Complete 
| 155|0x0000000627c00000, 0x0000000628000000, 0x0000000628000000|100%|HC|  |TAMS 0x0000000627c00000| PB 0x0000000627c00000| Complete 
| 156|0x0000000628000000, 0x0000000628400000, 0x0000000628400000|100%|HC|  |TAMS 0x0000000628000000| PB 0x0000000628000000| Complete 
| 157|0x0000000628400000, 0x0000000628800000, 0x0000000628800000|100%|HC|  |TAMS 0x0000000628400000| PB 0x0000000628400000| Complete 
| 158|0x0000000628800000, 0x0000000628c00000, 0x0000000628c00000|100%|HC|  |TAMS 0x0000000628800000| PB 0x0000000628800000| Complete 
| 159|0x0000000628c00000, 0x0000000629000000, 0x0000000629000000|100%|HC|  |TAMS 0x0000000628c00000| PB 0x0000000628c00000| Complete 
| 160|0x0000000629000000, 0x0000000629400000, 0x0000000629400000|100%| O|  |TAMS 0x0000000629000000| PB 0x0000000629000000| Untracked 
| 161|0x0000000629400000, 0x0000000629800000, 0x0000000629800000|100%| O|  |TAMS 0x0000000629400000| PB 0x0000000629400000| Untracked 
| 162|0x0000000629800000, 0x0000000629c00000, 0x0000000629c00000|100%| O|  |TAMS 0x0000000629800000| PB 0x0000000629800000| Untracked 
| 163|0x0000000629c00000, 0x000000062a000000, 0x000000062a000000|100%| O|  |TAMS 0x0000000629c00000| PB 0x0000000629c00000| Untracked 
| 164|0x000000062a000000, 0x000000062a400000, 0x000000062a400000|100%| O|  |TAMS 0x000000062a000000| PB 0x000000062a000000| Untracked 
| 165|0x000000062a400000, 0x000000062a800000, 0x000000062a800000|100%| O|  |TAMS 0x000000062a400000| PB 0x000000062a400000| Untracked 
| 166|0x000000062a800000, 0x000000062ac00000, 0x000000062ac00000|100%| O|  |TAMS 0x000000062a800000| PB 0x000000062a800000| Untracked 
| 167|0x000000062ac00000, 0x000000062b000000, 0x000000062b000000|100%| O|Cm|TAMS 0x000000062ac00000| PB 0x000000062ac00000| Complete 
| 168|0x000000062b000000, 0x000000062b400000, 0x000000062b400000|100%| O|Cm|TAMS 0x000000062b000000| PB 0x000000062b000000| Complete 
| 169|0x000000062b400000, 0x000000062b800000, 0x000000062b800000|100%| O|  |TAMS 0x000000062b400000| PB 0x000000062b400000| Untracked 
| 170|0x000000062b800000, 0x000000062bc00000, 0x000000062bc00000|100%| O|  |TAMS 0x000000062b800000| PB 0x000000062b800000| Untracked 
| 171|0x000000062bc00000, 0x000000062c000000, 0x000000062c000000|100%| O|  |TAMS 0x000000062bc00000| PB 0x000000062bc00000| Untracked 
| 172|0x000000062c000000, 0x000000062c400000, 0x000000062c400000|100%| O|  |TAMS 0x000000062c000000| PB 0x000000062c000000| Untracked 
| 173|0x000000062c400000, 0x000000062c800000, 0x000000062c800000|100%| O|  |TAMS 0x000000062c400000| PB 0x000000062c400000| Untracked 
| 174|0x000000062c800000, 0x000000062cc00000, 0x000000062cc00000|100%| O|  |TAMS 0x000000062c800000| PB 0x000000062c800000| Untracked 
| 175|0x000000062cc00000, 0x000000062d000000, 0x000000062d000000|100%| O|Cm|TAMS 0x000000062cc00000| PB 0x000000062cc00000| Complete 
| 176|0x000000062d000000, 0x000000062d400000, 0x000000062d400000|100%| O|  |TAMS 0x000000062d000000| PB 0x000000062d000000| Untracked 
| 177|0x000000062d400000, 0x000000062d800000, 0x000000062d800000|100%| O|  |TAMS 0x000000062d400000| PB 0x000000062d400000| Untracked 
| 178|0x000000062d800000, 0x000000062dc00000, 0x000000062dc00000|100%| O|  |TAMS 0x000000062d800000| PB 0x000000062d800000| Untracked 
| 179|0x000000062dc00000, 0x000000062e000000, 0x000000062e000000|100%| O|  |TAMS 0x000000062dc00000| PB 0x000000062dc00000| Untracked 
| 180|0x000000062e000000, 0x000000062e400000, 0x000000062e400000|100%| O|  |TAMS 0x000000062e000000| PB 0x000000062e000000| Untracked 
| 181|0x000000062e400000, 0x000000062e800000, 0x000000062e800000|100%| O|  |TAMS 0x000000062e400000| PB 0x000000062e400000| Untracked 
| 182|0x000000062e800000, 0x000000062ec00000, 0x000000062ec00000|100%| O|  |TAMS 0x000000062e800000| PB 0x000000062e800000| Untracked 
| 183|0x000000062ec00000, 0x000000062f000000, 0x000000062f000000|100%| O|  |TAMS 0x000000062ec00000| PB 0x000000062ec00000| Untracked 
| 184|0x000000062f000000, 0x000000062f3aee50, 0x000000062f400000| 92%| O|  |TAMS 0x000000062f000000| PB 0x000000062f000000| Untracked 
| 185|0x000000062f400000, 0x000000062f400000, 0x000000062f800000|  0%| F|  |TAMS 0x000000062f400000| PB 0x000000062f400000| Untracked 
| 186|0x000000062f800000, 0x000000062f800000, 0x000000062fc00000|  0%| F|  |TAMS 0x000000062f800000| PB 0x000000062f800000| Untracked 
| 187|0x000000062fc00000, 0x000000062fc00000, 0x0000000630000000|  0%| F|  |TAMS 0x000000062fc00000| PB 0x000000062fc00000| Untracked 
| 188|0x0000000630000000, 0x0000000630000000, 0x0000000630400000|  0%| F|  |TAMS 0x0000000630000000| PB 0x0000000630000000| Untracked 
| 189|0x0000000630400000, 0x0000000630400000, 0x0000000630800000|  0%| F|  |TAMS 0x0000000630400000| PB 0x0000000630400000| Untracked 
| 190|0x0000000630800000, 0x0000000630800000, 0x0000000630c00000|  0%| F|  |TAMS 0x0000000630800000| PB 0x0000000630800000| Untracked 
| 191|0x0000000630c00000, 0x0000000630c00000, 0x0000000631000000|  0%| F|  |TAMS 0x0000000630c00000| PB 0x0000000630c00000| Untracked 
| 192|0x0000000631000000, 0x0000000631000000, 0x0000000631400000|  0%| F|  |TAMS 0x0000000631000000| PB 0x0000000631000000| Untracked 
| 193|0x0000000631400000, 0x0000000631400000, 0x0000000631800000|  0%| F|  |TAMS 0x0000000631400000| PB 0x0000000631400000| Untracked 
| 194|0x0000000631800000, 0x0000000631800000, 0x0000000631c00000|  0%| F|  |TAMS 0x0000000631800000| PB 0x0000000631800000| Untracked 
| 195|0x0000000631c00000, 0x0000000631c00000, 0x0000000632000000|  0%| F|  |TAMS 0x0000000631c00000| PB 0x0000000631c00000| Untracked 
| 196|0x0000000632000000, 0x0000000632000000, 0x0000000632400000|  0%| F|  |TAMS 0x0000000632000000| PB 0x0000000632000000| Untracked 
| 197|0x0000000632400000, 0x0000000632400000, 0x0000000632800000|  0%| F|  |TAMS 0x0000000632400000| PB 0x0000000632400000| Untracked 
| 198|0x0000000632800000, 0x0000000632800000, 0x0000000632c00000|  0%| F|  |TAMS 0x0000000632800000| PB 0x0000000632800000| Untracked 
| 199|0x0000000632c00000, 0x0000000632c00000, 0x0000000633000000|  0%| F|  |TAMS 0x0000000632c00000| PB 0x0000000632c00000| Untracked 
| 200|0x0000000633000000, 0x00000006333321c0, 0x0000000633400000| 79%| E|CS|TAMS 0x0000000633000000| PB 0x0000000633000000| Complete 
| 201|0x0000000633400000, 0x0000000633800000, 0x0000000633800000|100%| E|CS|TAMS 0x0000000633400000| PB 0x0000000633400000| Complete 
| 202|0x0000000633800000, 0x0000000633c00000, 0x0000000633c00000|100%| E|CS|TAMS 0x0000000633800000| PB 0x0000000633800000| Complete 
| 203|0x0000000633c00000, 0x0000000634000000, 0x0000000634000000|100%| E|CS|TAMS 0x0000000633c00000| PB 0x0000000633c00000| Complete 
| 204|0x0000000634000000, 0x0000000634400000, 0x0000000634400000|100%| E|CS|TAMS 0x0000000634000000| PB 0x0000000634000000| Complete 
| 205|0x0000000634400000, 0x0000000634800000, 0x0000000634800000|100%| E|CS|TAMS 0x0000000634400000| PB 0x0000000634400000| Complete 
| 206|0x0000000634800000, 0x0000000634c00000, 0x0000000634c00000|100%| E|CS|TAMS 0x0000000634800000| PB 0x0000000634800000| Complete 
| 207|0x0000000634c00000, 0x0000000635000000, 0x0000000635000000|100%| E|CS|TAMS 0x0000000634c00000| PB 0x0000000634c00000| Complete 
| 208|0x0000000635000000, 0x0000000635400000, 0x0000000635400000|100%| E|CS|TAMS 0x0000000635000000| PB 0x0000000635000000| Complete 
| 209|0x0000000635400000, 0x0000000635800000, 0x0000000635800000|100%| E|CS|TAMS 0x0000000635400000| PB 0x0000000635400000| Complete 
| 210|0x0000000635800000, 0x0000000635c00000, 0x0000000635c00000|100%| E|CS|TAMS 0x0000000635800000| PB 0x0000000635800000| Complete 
| 211|0x0000000635c00000, 0x0000000636000000, 0x0000000636000000|100%| E|CS|TAMS 0x0000000635c00000| PB 0x0000000635c00000| Complete 
| 212|0x0000000636000000, 0x0000000636000000, 0x0000000636400000|  0%| F|  |TAMS 0x0000000636000000| PB 0x0000000636000000| Untracked 
| 213|0x0000000636400000, 0x0000000636400000, 0x0000000636800000|  0%| F|  |TAMS 0x0000000636400000| PB 0x0000000636400000| Untracked 
| 214|0x0000000636800000, 0x0000000636800000, 0x0000000636c00000|  0%| F|  |TAMS 0x0000000636800000| PB 0x0000000636800000| Untracked 
| 215|0x0000000636c00000, 0x0000000636c00000, 0x0000000637000000|  0%| F|  |TAMS 0x0000000636c00000| PB 0x0000000636c00000| Untracked 
| 216|0x0000000637000000, 0x0000000637000000, 0x0000000637400000|  0%| F|  |TAMS 0x0000000637000000| PB 0x0000000637000000| Untracked 
| 217|0x0000000637400000, 0x0000000637400000, 0x0000000637800000|  0%| F|  |TAMS 0x0000000637400000| PB 0x0000000637400000| Untracked 
| 218|0x0000000637800000, 0x0000000637800000, 0x0000000637c00000|  0%| F|  |TAMS 0x0000000637800000| PB 0x0000000637800000| Untracked 
| 219|0x0000000637c00000, 0x0000000637c00000, 0x0000000638000000|  0%| F|  |TAMS 0x0000000637c00000| PB 0x0000000637c00000| Untracked 
| 220|0x0000000638000000, 0x0000000638000000, 0x0000000638400000|  0%| F|  |TAMS 0x0000000638000000| PB 0x0000000638000000| Untracked 
| 221|0x0000000638400000, 0x0000000638400000, 0x0000000638800000|  0%| F|  |TAMS 0x0000000638400000| PB 0x0000000638400000| Untracked 
| 222|0x0000000638800000, 0x0000000638800000, 0x0000000638c00000|  0%| F|  |TAMS 0x0000000638800000| PB 0x0000000638800000| Untracked 
| 223|0x0000000638c00000, 0x0000000638c00000, 0x0000000639000000|  0%| F|  |TAMS 0x0000000638c00000| PB 0x0000000638c00000| Untracked 
| 224|0x0000000639000000, 0x0000000639000000, 0x0000000639400000|  0%| F|  |TAMS 0x0000000639000000| PB 0x0000000639000000| Untracked 
| 225|0x0000000639400000, 0x0000000639400000, 0x0000000639800000|  0%| F|  |TAMS 0x0000000639400000| PB 0x0000000639400000| Untracked 
| 226|0x0000000639800000, 0x0000000639800000, 0x0000000639c00000|  0%| F|  |TAMS 0x0000000639800000| PB 0x0000000639800000| Untracked 
| 227|0x0000000639c00000, 0x0000000639c00000, 0x000000063a000000|  0%| F|  |TAMS 0x0000000639c00000| PB 0x0000000639c00000| Untracked 
| 228|0x000000063a000000, 0x000000063a000000, 0x000000063a400000|  0%| F|  |TAMS 0x000000063a000000| PB 0x000000063a000000| Untracked 
| 229|0x000000063a400000, 0x000000063a400000, 0x000000063a800000|  0%| F|  |TAMS 0x000000063a400000| PB 0x000000063a400000| Untracked 
| 230|0x000000063a800000, 0x000000063a800000, 0x000000063ac00000|  0%| F|  |TAMS 0x000000063a800000| PB 0x000000063a800000| Untracked 
| 231|0x000000063ac00000, 0x000000063af635d0, 0x000000063b000000| 84%| S|  |TAMS 0x000000063ac00000| PB 0x000000063ac00000| Complete 
| 232|0x000000063b000000, 0x000000063b400000, 0x000000063b400000|100%| S|  |TAMS 0x000000063b000000| PB 0x000000063b000000| Complete 
| 233|0x000000063b400000, 0x000000063b800000, 0x000000063b800000|100%| S|  |TAMS 0x000000063b400000| PB 0x000000063b400000| Complete 
| 234|0x000000063b800000, 0x000000063bc00000, 0x000000063bc00000|100%| S|  |TAMS 0x000000063b800000| PB 0x000000063b800000| Complete 
| 235|0x000000063bc00000, 0x000000063c000000, 0x000000063c000000|100%| S|  |TAMS 0x000000063bc00000| PB 0x000000063bc00000| Complete 
| 236|0x000000063c000000, 0x000000063c400000, 0x000000063c400000|100%| S|  |TAMS 0x000000063c000000| PB 0x000000063c000000| Complete 
| 237|0x000000063c400000, 0x000000063c800000, 0x000000063c800000|100%| S|  |TAMS 0x000000063c400000| PB 0x000000063c400000| Complete 
| 238|0x000000063c800000, 0x000000063cc00000, 0x000000063cc00000|100%| S|  |TAMS 0x000000063c800000| PB 0x000000063c800000| Complete 
| 239|0x000000063cc00000, 0x000000063d000000, 0x000000063d000000|100%| S|  |TAMS 0x000000063cc00000| PB 0x000000063cc00000| Complete 
| 240|0x000000063d000000, 0x000000063d400000, 0x000000063d400000|100%| S|  |TAMS 0x000000063d000000| PB 0x000000063d000000| Complete 
| 241|0x000000063d400000, 0x000000063d800000, 0x000000063d800000|100%| S|  |TAMS 0x000000063d400000| PB 0x000000063d400000| Complete 
| 242|0x000000063d800000, 0x000000063dc00000, 0x000000063dc00000|100%| E|CS|TAMS 0x000000063d800000| PB 0x000000063d800000| Complete 
| 243|0x000000063dc00000, 0x000000063e000000, 0x000000063e000000|100%| E|CS|TAMS 0x000000063dc00000| PB 0x000000063dc00000| Complete 
| 244|0x000000063e000000, 0x000000063e400000, 0x000000063e400000|100%| E|CS|TAMS 0x000000063e000000| PB 0x000000063e000000| Complete 
| 245|0x000000063e400000, 0x000000063e800000, 0x000000063e800000|100%| E|CS|TAMS 0x000000063e400000| PB 0x000000063e400000| Complete 
| 246|0x000000063e800000, 0x000000063ec00000, 0x000000063ec00000|100%| E|CS|TAMS 0x000000063e800000| PB 0x000000063e800000| Complete 
| 247|0x000000063ec00000, 0x000000063f000000, 0x000000063f000000|100%| E|CS|TAMS 0x000000063ec00000| PB 0x000000063ec00000| Complete 
| 248|0x000000063f000000, 0x000000063f400000, 0x000000063f400000|100%| E|CS|TAMS 0x000000063f000000| PB 0x000000063f000000| Complete 
| 249|0x000000063f400000, 0x000000063f800000, 0x000000063f800000|100%| E|CS|TAMS 0x000000063f400000| PB 0x000000063f400000| Complete 
| 250|0x000000063f800000, 0x000000063fc00000, 0x000000063fc00000|100%| E|CS|TAMS 0x000000063f800000| PB 0x000000063f800000| Complete 
| 251|0x000000063fc00000, 0x0000000640000000, 0x0000000640000000|100%| E|CS|TAMS 0x000000063fc00000| PB 0x000000063fc00000| Complete 
| 252|0x0000000640000000, 0x0000000640400000, 0x0000000640400000|100%| E|CS|TAMS 0x0000000640000000| PB 0x0000000640000000| Complete 
| 253|0x0000000640400000, 0x0000000640800000, 0x0000000640800000|100%| E|CS|TAMS 0x0000000640400000| PB 0x0000000640400000| Complete 
| 254|0x0000000640800000, 0x0000000640c00000, 0x0000000640c00000|100%| E|CS|TAMS 0x0000000640800000| PB 0x0000000640800000| Complete 
| 255|0x0000000640c00000, 0x0000000641000000, 0x0000000641000000|100%| E|CS|TAMS 0x0000000640c00000| PB 0x0000000640c00000| Complete 
| 256|0x0000000641000000, 0x0000000641400000, 0x0000000641400000|100%| E|CS|TAMS 0x0000000641000000| PB 0x0000000641000000| Complete 
| 257|0x0000000641400000, 0x0000000641800000, 0x0000000641800000|100%| E|CS|TAMS 0x0000000641400000| PB 0x0000000641400000| Complete 
| 258|0x0000000641800000, 0x0000000641c00000, 0x0000000641c00000|100%| E|CS|TAMS 0x0000000641800000| PB 0x0000000641800000| Complete 
| 259|0x0000000641c00000, 0x0000000642000000, 0x0000000642000000|100%| E|CS|TAMS 0x0000000641c00000| PB 0x0000000641c00000| Complete 
| 260|0x0000000642000000, 0x0000000642400000, 0x0000000642400000|100%| E|CS|TAMS 0x0000000642000000| PB 0x0000000642000000| Complete 
| 261|0x0000000642400000, 0x0000000642800000, 0x0000000642800000|100%| E|CS|TAMS 0x0000000642400000| PB 0x0000000642400000| Complete 
| 262|0x0000000642800000, 0x0000000642c00000, 0x0000000642c00000|100%| E|CS|TAMS 0x0000000642800000| PB 0x0000000642800000| Complete 
| 263|0x0000000642c00000, 0x0000000643000000, 0x0000000643000000|100%| E|CS|TAMS 0x0000000642c00000| PB 0x0000000642c00000| Complete 
| 264|0x0000000643000000, 0x0000000643400000, 0x0000000643400000|100%| E|CS|TAMS 0x0000000643000000| PB 0x0000000643000000| Complete 
| 265|0x0000000643400000, 0x0000000643800000, 0x0000000643800000|100%| E|CS|TAMS 0x0000000643400000| PB 0x0000000643400000| Complete 
| 266|0x0000000643800000, 0x0000000643c00000, 0x0000000643c00000|100%| E|CS|TAMS 0x0000000643800000| PB 0x0000000643800000| Complete 
| 267|0x0000000643c00000, 0x0000000644000000, 0x0000000644000000|100%| E|CS|TAMS 0x0000000643c00000| PB 0x0000000643c00000| Complete 
| 268|0x0000000644000000, 0x0000000644400000, 0x0000000644400000|100%| E|CS|TAMS 0x0000000644000000| PB 0x0000000644000000| Complete 
| 269|0x0000000644400000, 0x0000000644800000, 0x0000000644800000|100%| E|CS|TAMS 0x0000000644400000| PB 0x0000000644400000| Complete 
| 270|0x0000000644800000, 0x0000000644c00000, 0x0000000644c00000|100%| E|CS|TAMS 0x0000000644800000| PB 0x0000000644800000| Complete 
| 271|0x0000000644c00000, 0x0000000645000000, 0x0000000645000000|100%| E|CS|TAMS 0x0000000644c00000| PB 0x0000000644c00000| Complete 
| 272|0x0000000645000000, 0x0000000645400000, 0x0000000645400000|100%| E|CS|TAMS 0x0000000645000000| PB 0x0000000645000000| Complete 
| 273|0x0000000645400000, 0x0000000645800000, 0x0000000645800000|100%| E|CS|TAMS 0x0000000645400000| PB 0x0000000645400000| Complete 
| 274|0x0000000645800000, 0x0000000645c00000, 0x0000000645c00000|100%| E|CS|TAMS 0x0000000645800000| PB 0x0000000645800000| Complete 
| 275|0x0000000645c00000, 0x0000000646000000, 0x0000000646000000|100%| E|CS|TAMS 0x0000000645c00000| PB 0x0000000645c00000| Complete 
| 276|0x0000000646000000, 0x0000000646400000, 0x0000000646400000|100%| E|CS|TAMS 0x0000000646000000| PB 0x0000000646000000| Complete 
| 277|0x0000000646400000, 0x0000000646800000, 0x0000000646800000|100%| E|CS|TAMS 0x0000000646400000| PB 0x0000000646400000| Complete 
| 278|0x0000000646800000, 0x0000000646c00000, 0x0000000646c00000|100%| E|CS|TAMS 0x0000000646800000| PB 0x0000000646800000| Complete 
| 279|0x0000000646c00000, 0x0000000647000000, 0x0000000647000000|100%| E|CS|TAMS 0x0000000646c00000| PB 0x0000000646c00000| Complete 
| 280|0x0000000647000000, 0x0000000647400000, 0x0000000647400000|100%| E|CS|TAMS 0x0000000647000000| PB 0x0000000647000000| Complete 
| 281|0x0000000647400000, 0x0000000647800000, 0x0000000647800000|100%| E|CS|TAMS 0x0000000647400000| PB 0x0000000647400000| Complete 
| 282|0x0000000647800000, 0x0000000647c00000, 0x0000000647c00000|100%| E|CS|TAMS 0x0000000647800000| PB 0x0000000647800000| Complete 
| 283|0x0000000647c00000, 0x0000000648000000, 0x0000000648000000|100%| E|CS|TAMS 0x0000000647c00000| PB 0x0000000647c00000| Complete 
| 284|0x0000000648000000, 0x0000000648400000, 0x0000000648400000|100%| E|CS|TAMS 0x0000000648000000| PB 0x0000000648000000| Complete 
| 285|0x0000000648400000, 0x0000000648800000, 0x0000000648800000|100%| E|CS|TAMS 0x0000000648400000| PB 0x0000000648400000| Complete 
| 286|0x0000000648800000, 0x0000000648c00000, 0x0000000648c00000|100%| E|CS|TAMS 0x0000000648800000| PB 0x0000000648800000| Complete 
| 287|0x0000000648c00000, 0x0000000649000000, 0x0000000649000000|100%| E|CS|TAMS 0x0000000648c00000| PB 0x0000000648c00000| Complete 
| 288|0x0000000649000000, 0x0000000649400000, 0x0000000649400000|100%| E|CS|TAMS 0x0000000649000000| PB 0x0000000649000000| Complete 
| 289|0x0000000649400000, 0x0000000649800000, 0x0000000649800000|100%| E|CS|TAMS 0x0000000649400000| PB 0x0000000649400000| Complete 
| 290|0x0000000649800000, 0x0000000649c00000, 0x0000000649c00000|100%| E|CS|TAMS 0x0000000649800000| PB 0x0000000649800000| Complete 
| 291|0x0000000649c00000, 0x000000064a000000, 0x000000064a000000|100%| E|CS|TAMS 0x0000000649c00000| PB 0x0000000649c00000| Complete 
| 292|0x000000064a000000, 0x000000064a400000, 0x000000064a400000|100%| E|CS|TAMS 0x000000064a000000| PB 0x000000064a000000| Complete 
| 293|0x000000064a400000, 0x000000064a800000, 0x000000064a800000|100%| E|CS|TAMS 0x000000064a400000| PB 0x000000064a400000| Complete 
| 294|0x000000064a800000, 0x000000064ac00000, 0x000000064ac00000|100%| E|CS|TAMS 0x000000064a800000| PB 0x000000064a800000| Complete 
| 295|0x000000064ac00000, 0x000000064b000000, 0x000000064b000000|100%| E|CS|TAMS 0x000000064ac00000| PB 0x000000064ac00000| Complete 
| 296|0x000000064b000000, 0x000000064b400000, 0x000000064b400000|100%| E|CS|TAMS 0x000000064b000000| PB 0x000000064b000000| Complete 
| 297|0x000000064b400000, 0x000000064b800000, 0x000000064b800000|100%| E|CS|TAMS 0x000000064b400000| PB 0x000000064b400000| Complete 
| 298|0x000000064b800000, 0x000000064bc00000, 0x000000064bc00000|100%| E|CS|TAMS 0x000000064b800000| PB 0x000000064b800000| Complete 
| 299|0x000000064bc00000, 0x000000064c000000, 0x000000064c000000|100%| E|CS|TAMS 0x000000064bc00000| PB 0x000000064bc00000| Complete 
| 300|0x000000064c000000, 0x000000064c400000, 0x000000064c400000|100%| E|CS|TAMS 0x000000064c000000| PB 0x000000064c000000| Complete 
| 301|0x000000064c400000, 0x000000064c800000, 0x000000064c800000|100%| E|CS|TAMS 0x000000064c400000| PB 0x000000064c400000| Complete 
| 302|0x000000064c800000, 0x000000064cc00000, 0x000000064cc00000|100%| E|CS|TAMS 0x000000064c800000| PB 0x000000064c800000| Complete 
| 303|0x000000064cc00000, 0x000000064d000000, 0x000000064d000000|100%| E|CS|TAMS 0x000000064cc00000| PB 0x000000064cc00000| Complete 
| 304|0x000000064d000000, 0x000000064d400000, 0x000000064d400000|100%| E|CS|TAMS 0x000000064d000000| PB 0x000000064d000000| Complete 
| 305|0x000000064d400000, 0x000000064d800000, 0x000000064d800000|100%| E|CS|TAMS 0x000000064d400000| PB 0x000000064d400000| Complete 
| 306|0x000000064d800000, 0x000000064dc00000, 0x000000064dc00000|100%| E|CS|TAMS 0x000000064d800000| PB 0x000000064d800000| Complete 
| 307|0x000000064dc00000, 0x000000064e000000, 0x000000064e000000|100%| E|CS|TAMS 0x000000064dc00000| PB 0x000000064dc00000| Complete 
| 308|0x000000064e000000, 0x000000064e400000, 0x000000064e400000|100%| E|CS|TAMS 0x000000064e000000| PB 0x000000064e000000| Complete 
| 309|0x000000064e400000, 0x000000064e800000, 0x000000064e800000|100%| E|CS|TAMS 0x000000064e400000| PB 0x000000064e400000| Complete 
| 310|0x000000064e800000, 0x000000064ec00000, 0x000000064ec00000|100%| E|CS|TAMS 0x000000064e800000| PB 0x000000064e800000| Complete 
| 311|0x000000064ec00000, 0x000000064f000000, 0x000000064f000000|100%| E|CS|TAMS 0x000000064ec00000| PB 0x000000064ec00000| Complete 
| 312|0x000000064f000000, 0x000000064f400000, 0x000000064f400000|100%| E|CS|TAMS 0x000000064f000000| PB 0x000000064f000000| Complete 
| 313|0x000000064f400000, 0x000000064f800000, 0x000000064f800000|100%| E|CS|TAMS 0x000000064f400000| PB 0x000000064f400000| Complete 
| 314|0x000000064f800000, 0x000000064fc00000, 0x000000064fc00000|100%| E|CS|TAMS 0x000000064f800000| PB 0x000000064f800000| Complete 
| 315|0x000000064fc00000, 0x0000000650000000, 0x0000000650000000|100%| E|CS|TAMS 0x000000064fc00000| PB 0x000000064fc00000| Complete 
| 316|0x0000000650000000, 0x0000000650400000, 0x0000000650400000|100%| E|CS|TAMS 0x0000000650000000| PB 0x0000000650000000| Complete 
| 317|0x0000000650400000, 0x0000000650800000, 0x0000000650800000|100%| E|CS|TAMS 0x0000000650400000| PB 0x0000000650400000| Complete 
| 318|0x0000000650800000, 0x0000000650c00000, 0x0000000650c00000|100%| E|CS|TAMS 0x0000000650800000| PB 0x0000000650800000| Complete 
| 319|0x0000000650c00000, 0x0000000651000000, 0x0000000651000000|100%| E|CS|TAMS 0x0000000650c00000| PB 0x0000000650c00000| Complete 
|2042|0x00000007ff800000, 0x00000007ffc00000, 0x00000007ffc00000|100%| O|  |TAMS 0x00000007ff800000| PB 0x00000007ff800000| Untracked 
|2043|0x00000007ffc00000, 0x0000000800000000, 0x0000000800000000|100%| O|  |TAMS 0x00000007ffc00000| PB 0x00000007ffc00000| Untracked 

Card table byte_map: [0x0000016e4cd50000,0x0000016e4dd50000] _byte_map_base: 0x0000016e49d48000

Marking Bits: (CMBitMap*) 0x0000016e391ebb50
 Bits: [0x0000016e4dd50000, 0x0000016e55d10000)

Polling page: 0x0000016e36cd0000

Metaspace:

Usage:
  Non-class:     63.30 MB used.
      Class:      7.51 MB used.
       Both:     70.81 MB used.

Virtual space:
  Non-class space:      128.00 MB reserved,      63.69 MB ( 50%) committed,  2 nodes.
      Class space:        1.00 GB reserved,       7.88 MB ( <1%) committed,  1 nodes.
             Both:        1.12 GB reserved,      71.56 MB (  6%) committed. 

Chunk freelists:
   Non-Class:  15.92 MB
       Class:  8.01 MB
        Both:  23.93 MB

MaxMetaspaceSize: unlimited
CompressedClassSpaceSize: 1.00 GB
Initial GC threshold: 21.00 MB
Current GC threshold: 119.06 MB
CDS: off
 - commit_granule_bytes: 65536.
 - commit_granule_words: 8192.
 - virtual_space_node_default_size: 8388608.
 - enlarge_chunks_in_place: 1.
 - use_allocation_guard: 0.


Internal statistics:

num_allocs_failed_limit: 6.
num_arena_births: 1308.
num_arena_deaths: 0.
num_vsnodes_births: 3.
num_vsnodes_deaths: 0.
num_space_committed: 1142.
num_space_uncommitted: 0.
num_chunks_returned_to_freelist: 6.
num_chunks_taken_from_freelist: 3971.
num_chunk_merges: 6.
num_chunk_splits: 2883.
num_chunks_enlarged: 2145.
num_inconsistent_stats: 0.

CodeHeap 'non-profiled nmethods': size=119168Kb used=23283Kb max_used=24526Kb free=95884Kb
 bounds [0x0000016e43e40000, 0x0000016e45670000, 0x0000016e4b2a0000]
CodeHeap 'profiled nmethods': size=119104Kb used=21916Kb max_used=45164Kb free=97187Kb
 bounds [0x0000016e3c2a0000, 0x0000016e3eec0000, 0x0000016e436f0000]
CodeHeap 'non-nmethods': size=7488Kb used=1588Kb max_used=3453Kb free=5899Kb
 bounds [0x0000016e436f0000, 0x0000016e43a60000, 0x0000016e43e40000]
 total_blobs=9905 nmethods=9262 adapters=542
 compilation: enabled
              stopped_count=0, restarted_count=0
 full_count=0

Compilation events (20 events):
Event: 61.574 Thread 0x0000016e59245730 24619       4       org.jetbrains.kotlin.resolve.BindingTraceContext::getType (33 bytes)
Event: 61.578 Thread 0x0000016e59245730 nmethod 24619 0x0000016e4483df90 code [0x0000016e4483e180, 0x0000016e4483e658]
Event: 61.611 Thread 0x0000016e592461d0 24620       3       org.jetbrains.kotlin.descriptors.ModalityUtilsKt::isOverridable (85 bytes)
Event: 61.611 Thread 0x0000016e592461d0 nmethod 24620 0x0000016e3cb16490 code [0x0000016e3cb16740, 0x0000016e3cb174f0]
Event: 61.694 Thread 0x0000016e592461d0 24621       1       org.jetbrains.kotlin.resolve.calls.inference.model.TypeVariableForLambdaReturnType::hasOnlyInputTypesAnnotation (2 bytes)
Event: 61.694 Thread 0x0000016e592461d0 nmethod 24621 0x0000016e44290810 code [0x0000016e442909a0, 0x0000016e44290a68]
Event: 61.702 Thread 0x0000016e592461d0 24623       3       org.jetbrains.kotlin.com.intellij.psi.impl.source.tree.LeafPsiElement::getParent (5 bytes)
Event: 61.703 Thread 0x0000016e592461d0 nmethod 24623 0x0000016e3c57d990 code [0x0000016e3c57db60, 0x0000016e3c57df38]
Event: 61.703 Thread 0x0000016e592461d0 24622       3       java.lang.invoke.LambdaForm$MH/0x00000008007ea000::invoke (42 bytes)
Event: 61.703 Thread 0x0000016e59245730 24624       4       org.jetbrains.kotlin.types.TypeIntersector::isIntersectionEmpty (50 bytes)
Event: 61.703 Thread 0x0000016e592461d0 nmethod 24622 0x0000016e3d6f6f10 code [0x0000016e3d6f7260, 0x0000016e3d6f8660]
Event: 61.707 Thread 0x0000016e59245730 nmethod 24624 0x0000016e4413f090 code [0x0000016e4413f280, 0x0000016e4413f710]
Event: 61.769 Thread 0x0000016e59245730 24625       4       org.jetbrains.kotlin.util.OneElementArrayMap$iterator$1::next (28 bytes)
Event: 61.770 Thread 0x0000016e59245730 nmethod 24625 0x0000016e44292c90 code [0x0000016e44292e20, 0x0000016e44292ef0]
Event: 61.770 Thread 0x0000016e59245730 24626       4       org.jetbrains.kotlin.descriptors.annotations.TargetedAnnotations::hasAnnotation (6 bytes)
Event: 61.773 Thread 0x0000016e59245730 nmethod 24626 0x0000016e44aba890 code [0x0000016e44abaa60, 0x0000016e44abaf88]
Event: 61.840 Thread 0x0000016e59245730 24627       4       org.jetbrains.kotlin.com.google.common.collect.ImmutableMapKeySet::contains (9 bytes)
Event: 61.844 Thread 0x0000016e59245730 nmethod 24627 0x0000016e43fe9f90 code [0x0000016e43fea1a0, 0x0000016e43fea900]
Event: 61.852 Thread 0x0000016e59245730 24628       4       org.jetbrains.kotlin.types.checker.ClassicTypeSystemContext$DefaultImpls::newTypeCheckerState (12 bytes)
Event: 61.854 Thread 0x0000016e59245730 nmethod 24628 0x0000016e441b7490 code [0x0000016e441b7640, 0x0000016e441b7a48]

GC Heap History (20 events):
Event: 45.696 GC heap after
{Heap after GC invocations=72 (full 0):
 garbage-first heap   total 901120K, used 582556K [0x0000000601000000, 0x0000000800000000)
  region size 4096K, 9 young (36864K), 9 survivors (36864K)
 Metaspace       used 72175K, committed 72960K, reserved 1114112K
  class space    used 7677K, committed 8064K, reserved 1048576K
}
Event: 46.750 GC heap before
{Heap before GC invocations=73 (full 0):
 garbage-first heap   total 983040K, used 807836K [0x0000000601000000, 0x0000000800000000)
  region size 4096K, 64 young (262144K), 9 survivors (36864K)
 Metaspace       used 72183K, committed 72960K, reserved 1114112K
  class space    used 7677K, committed 8064K, reserved 1048576K
}
Event: 46.762 GC heap after
{Heap after GC invocations=74 (full 0):
 garbage-first heap   total 983040K, used 596636K [0x0000000601000000, 0x0000000800000000)
  region size 4096K, 8 young (32768K), 8 survivors (32768K)
 Metaspace       used 72183K, committed 72960K, reserved 1114112K
  class space    used 7677K, committed 8064K, reserved 1048576K
}
Event: 49.216 GC heap before
{Heap before GC invocations=74 (full 0):
 garbage-first heap   total 983040K, used 895644K [0x0000000601000000, 0x0000000800000000)
  region size 4096K, 81 young (331776K), 8 survivors (32768K)
 Metaspace       used 72223K, committed 72960K, reserved 1114112K
  class space    used 7677K, committed 8064K, reserved 1048576K
}
Event: 49.233 GC heap after
{Heap after GC invocations=75 (full 0):
 garbage-first heap   total 983040K, used 612113K [0x0000000601000000, 0x0000000800000000)
  region size 4096K, 9 young (36864K), 9 survivors (36864K)
 Metaspace       used 72223K, committed 72960K, reserved 1114112K
  class space    used 7677K, committed 8064K, reserved 1048576K
}
Event: 50.996 GC heap before
{Heap before GC invocations=75 (full 0):
 garbage-first heap   total 983040K, used 890641K [0x0000000601000000, 0x0000000800000000)
  region size 4096K, 77 young (315392K), 9 survivors (36864K)
 Metaspace       used 72238K, committed 72960K, reserved 1114112K
  class space    used 7677K, committed 8064K, reserved 1048576K
}
Event: 51.010 GC heap after
{Heap after GC invocations=76 (full 0):
 garbage-first heap   total 983040K, used 631017K [0x0000000601000000, 0x0000000800000000)
  region size 4096K, 10 young (40960K), 10 survivors (40960K)
 Metaspace       used 72238K, committed 72960K, reserved 1114112K
  class space    used 7677K, committed 8064K, reserved 1048576K
}
Event: 52.978 GC heap before
{Heap before GC invocations=77 (full 0):
 garbage-first heap   total 1060864K, used 950505K [0x0000000601000000, 0x0000000800000000)
  region size 4096K, 71 young (290816K), 10 survivors (40960K)
 Metaspace       used 72340K, committed 73088K, reserved 1114112K
  class space    used 7686K, committed 8064K, reserved 1048576K
}
Event: 52.998 GC heap after
{Heap after GC invocations=78 (full 0):
 garbage-first heap   total 1060864K, used 718688K [0x0000000601000000, 0x0000000800000000)
  region size 4096K, 9 young (36864K), 9 survivors (36864K)
 Metaspace       used 72340K, committed 73088K, reserved 1114112K
  class space    used 7686K, committed 8064K, reserved 1048576K
}
Event: 54.472 GC heap before
{Heap before GC invocations=78 (full 0):
 garbage-first heap   total 1060864K, used 964448K [0x0000000601000000, 0x0000000800000000)
  region size 4096K, 69 young (282624K), 9 survivors (36864K)
 Metaspace       used 72378K, committed 73152K, reserved 1114112K
  class space    used 7686K, committed 8064K, reserved 1048576K
}
Event: 54.493 GC heap after
{Heap after GC invocations=79 (full 0):
 garbage-first heap   total 1060864K, used 732892K [0x0000000601000000, 0x0000000800000000)
  region size 4096K, 9 young (36864K), 9 survivors (36864K)
 Metaspace       used 72378K, committed 73152K, reserved 1114112K
  class space    used 7686K, committed 8064K, reserved 1048576K
}
Event: 55.478 GC heap before
{Heap before GC invocations=79 (full 0):
 garbage-first heap   total 1060864K, used 962268K [0x0000000601000000, 0x0000000800000000)
  region size 4096K, 65 young (266240K), 9 survivors (36864K)
 Metaspace       used 72406K, committed 73152K, reserved 1114112K
  class space    used 7686K, committed 8064K, reserved 1048576K
}
Event: 55.493 GC heap after
{Heap after GC invocations=80 (full 0):
 garbage-first heap   total 1060864K, used 747133K [0x0000000601000000, 0x0000000800000000)
  region size 4096K, 8 young (32768K), 8 survivors (32768K)
 Metaspace       used 72406K, committed 73152K, reserved 1114112K
  class space    used 7686K, committed 8064K, reserved 1048576K
}
Event: 56.538 GC heap before
{Heap before GC invocations=81 (full 0):
 garbage-first heap   total 1228800K, used 951933K [0x0000000601000000, 0x0000000800000000)
  region size 4096K, 61 young (249856K), 8 survivors (32768K)
 Metaspace       used 72406K, committed 73152K, reserved 1114112K
  class space    used 7686K, committed 8064K, reserved 1048576K
}
Event: 56.552 GC heap after
{Heap after GC invocations=82 (full 0):
 garbage-first heap   total 1228800K, used 747960K [0x0000000601000000, 0x0000000800000000)
  region size 4096K, 7 young (28672K), 7 survivors (28672K)
 Metaspace       used 72406K, committed 73152K, reserved 1114112K
  class space    used 7686K, committed 8064K, reserved 1048576K
}
Event: 58.477 GC heap before
{Heap before GC invocations=82 (full 0):
 garbage-first heap   total 1228800K, used 1137080K [0x0000000601000000, 0x0000000800000000)
  region size 4096K, 102 young (417792K), 7 survivors (28672K)
 Metaspace       used 72444K, committed 73216K, reserved 1179648K
  class space    used 7687K, committed 8064K, reserved 1048576K
}
Event: 58.494 GC heap after
{Heap after GC invocations=83 (full 0):
 garbage-first heap   total 1228800K, used 764928K [0x0000000601000000, 0x0000000800000000)
  region size 4096K, 12 young (49152K), 12 survivors (49152K)
 Metaspace       used 72444K, committed 73216K, reserved 1179648K
  class space    used 7687K, committed 8064K, reserved 1048576K
}
Event: 60.296 GC heap before
{Heap before GC invocations=83 (full 0):
 garbage-first heap   total 1228800K, used 1117184K [0x0000000601000000, 0x0000000800000000)
  region size 4096K, 98 young (401408K), 12 survivors (49152K)
 Metaspace       used 72475K, committed 73216K, reserved 1179648K
  class space    used 7687K, committed 8064K, reserved 1048576K
}
Event: 60.318 GC heap after
{Heap after GC invocations=84 (full 0):
 garbage-first heap   total 1228800K, used 789704K [0x0000000601000000, 0x0000000800000000)
  region size 4096K, 12 young (49152K), 12 survivors (49152K)
 Metaspace       used 72475K, committed 73216K, reserved 1179648K
  class space    used 7687K, committed 8064K, reserved 1048576K
}
Event: 61.856 GC heap before
{Heap before GC invocations=85 (full 0):
 garbage-first heap   total 1318912K, used 1109192K [0x0000000601000000, 0x0000000800000000)
  region size 4096K, 90 young (368640K), 12 survivors (49152K)
 Metaspace       used 72507K, committed 73280K, reserved 1179648K
  class space    used 7688K, committed 8064K, reserved 1048576K
}

Dll operation events (3 events):
Event: 0.004 Loaded shared library C:\Program Files\Android\Android Studio\jbr\bin\java.dll
Event: 0.007 Loaded shared library C:\Program Files\Android\Android Studio\jbr\bin\zip.dll
Event: 0.469 Loaded shared library C:\Program Files\Android\Android Studio\jbr\bin\verify.dll

Deoptimization events (20 events):
Event: 61.236 Thread 0x0000016e36d410d0 Uncommon trap: trap_request=0xffffffc6 fr.pc=0x0000016e44ad0398 relative=0x00000000000010f8
Event: 61.236 Thread 0x0000016e36d410d0 Uncommon trap: reason=bimorphic_or_optimized_type_check action=maybe_recompile pc=0x0000016e44ad0398 method=org.jetbrains.kotlin.descriptors.ModalityUtilsKt.isOverridable(Lorg/jetbrains/kotlin/descriptors/CallableMemberDescriptor;)Z @ 34 c2
Event: 61.236 Thread 0x0000016e36d410d0 DEOPT PACKING pc=0x0000016e44ad0398 sp=0x00000036792f88c0
Event: 61.236 Thread 0x0000016e36d410d0 DEOPT UNPACKING pc=0x0000016e437446a2 sp=0x00000036792f8758 mode 2
Event: 61.236 Thread 0x0000016e36d410d0 Uncommon trap: trap_request=0xffffffc6 fr.pc=0x0000016e44ad0398 relative=0x00000000000010f8
Event: 61.236 Thread 0x0000016e36d410d0 Uncommon trap: reason=bimorphic_or_optimized_type_check action=maybe_recompile pc=0x0000016e44ad0398 method=org.jetbrains.kotlin.descriptors.ModalityUtilsKt.isOverridable(Lorg/jetbrains/kotlin/descriptors/CallableMemberDescriptor;)Z @ 34 c2
Event: 61.236 Thread 0x0000016e36d410d0 DEOPT PACKING pc=0x0000016e44ad0398 sp=0x00000036792f8d10
Event: 61.236 Thread 0x0000016e36d410d0 DEOPT UNPACKING pc=0x0000016e437446a2 sp=0x00000036792f8ba8 mode 2
Event: 61.326 Thread 0x0000016e36d410d0 Uncommon trap: trap_request=0xffffffc6 fr.pc=0x0000016e44ad0398 relative=0x00000000000010f8
Event: 61.326 Thread 0x0000016e36d410d0 Uncommon trap: reason=bimorphic_or_optimized_type_check action=maybe_recompile pc=0x0000016e44ad0398 method=org.jetbrains.kotlin.descriptors.ModalityUtilsKt.isOverridable(Lorg/jetbrains/kotlin/descriptors/CallableMemberDescriptor;)Z @ 34 c2
Event: 61.327 Thread 0x0000016e36d410d0 DEOPT PACKING pc=0x0000016e44ad0398 sp=0x00000036792f8ac0
Event: 61.327 Thread 0x0000016e36d410d0 DEOPT UNPACKING pc=0x0000016e437446a2 sp=0x00000036792f8958 mode 2
Event: 61.419 Thread 0x0000016e36d410d0 Uncommon trap: trap_request=0xffffff45 fr.pc=0x0000016e44756db4 relative=0x0000000000004b34
Event: 61.419 Thread 0x0000016e36d410d0 Uncommon trap: reason=unstable_if action=reinterpret pc=0x0000016e44756db4 method=org.jetbrains.kotlin.resolve.calls.inference.components.TrivialConstraintTypeInferenceOracle.isGeneratedConstraintTrivial(Lorg/jetbrains/kotlin/resolve/calls/inference/model
Event: 61.419 Thread 0x0000016e36d410d0 DEOPT PACKING pc=0x0000016e44756db4 sp=0x00000036792faa20
Event: 61.419 Thread 0x0000016e36d410d0 DEOPT UNPACKING pc=0x0000016e437446a2 sp=0x00000036792fa978 mode 2
Event: 61.481 Thread 0x0000016e36d410d0 Uncommon trap: trap_request=0xffffff54 fr.pc=0x0000016e4411e1d0 relative=0x0000000000001450
Event: 61.481 Thread 0x0000016e36d410d0 Uncommon trap: reason=speculate_null_assert action=make_not_entrant pc=0x0000016e4411e1d0 method=org.jetbrains.kotlin.types.AbstractTypeApproximator.approximateCapturedType(Lorg/jetbrains/kotlin/types/model/CapturedTypeMarker;Lorg/jetbrains/kotlin/types/T
Event: 61.481 Thread 0x0000016e36d410d0 DEOPT PACKING pc=0x0000016e4411e1d0 sp=0x00000036792f92a0
Event: 61.481 Thread 0x0000016e36d410d0 DEOPT UNPACKING pc=0x0000016e437446a2 sp=0x00000036792f9270 mode 2

Classes loaded (20 events):
Event: 6.215 Loading class jdk/internal/math/FloatingDecimal$ASCIIToBinaryConverter done
Event: 6.215 Loading class jdk/internal/math/FloatingDecimal$PreparedASCIIToBinaryBuffer done
Event: 6.215 Loading class jdk/internal/math/FloatingDecimal$ASCIIToBinaryBuffer
Event: 6.215 Loading class jdk/internal/math/FloatingDecimal$ASCIIToBinaryBuffer done
Event: 6.298 Loading class java/util/ComparableTimSort
Event: 6.298 Loading class java/util/ComparableTimSort done
Event: 13.535 Loading class java/time/Instant
Event: 13.536 Loading class java/time/temporal/Temporal
Event: 13.536 Loading class java/time/temporal/TemporalAccessor
Event: 13.536 Loading class java/time/temporal/TemporalAccessor done
Event: 13.536 Loading class java/time/temporal/Temporal done
Event: 13.536 Loading class java/time/temporal/TemporalAdjuster
Event: 13.536 Loading class java/time/temporal/TemporalAdjuster done
Event: 13.536 Loading class java/time/Instant done
Event: 13.664 Loading class java/util/Collections$CopiesList
Event: 13.665 Loading class java/util/Collections$CopiesList done
Event: 30.409 Loading class java/util/concurrent/ConcurrentHashMap$TreeNode
Event: 30.410 Loading class java/util/concurrent/ConcurrentHashMap$TreeNode done
Event: 30.410 Loading class java/util/concurrent/ConcurrentHashMap$TreeBin
Event: 30.410 Loading class java/util/concurrent/ConcurrentHashMap$TreeBin done

Classes unloaded (0 events):
No events

Classes redefined (0 events):
No events

Internal exceptions (20 events):
Event: 25.550 Thread 0x0000016e36d410d0 Implicit null exception at 0x0000016e4490f44f to 0x0000016e449136bc
Event: 26.653 Thread 0x0000016e36d410d0 Implicit null exception at 0x0000016e43ef1aa0 to 0x0000016e43ef1bfc
Event: 26.653 Thread 0x0000016e36d410d0 Implicit null exception at 0x0000016e44752907 to 0x0000016e447573a0
Event: 26.653 Thread 0x0000016e36d410d0 Implicit null exception at 0x0000016e44c1ba20 to 0x0000016e44c1bb07
Event: 26.653 Thread 0x0000016e36d410d0 Implicit null exception at 0x0000016e43eda4a0 to 0x0000016e43edbad4
Event: 26.653 Thread 0x0000016e36d410d0 Implicit null exception at 0x0000016e44c68d44 to 0x0000016e44c691fc
Event: 26.653 Thread 0x0000016e36d410d0 Implicit null exception at 0x0000016e4454f480 to 0x0000016e445500d0
Event: 26.653 Thread 0x0000016e36d410d0 Implicit null exception at 0x0000016e454a02a0 to 0x0000016e454a0d04
Event: 26.653 Thread 0x0000016e36d410d0 Implicit null exception at 0x0000016e4537596f to 0x0000016e45376950
Event: 27.836 Thread 0x0000016e36d410d0 Implicit null exception at 0x0000016e453418e6 to 0x0000016e45343da0
Event: 29.491 Thread 0x0000016e36d410d0 Implicit null exception at 0x0000016e445f0960 to 0x0000016e445f0a08
Event: 30.795 Thread 0x0000016e36d410d0 Implicit null exception at 0x0000016e44acd025 to 0x0000016e44acf2d0
Event: 35.540 Thread 0x0000016e36d410d0 Implicit null exception at 0x0000016e45422580 to 0x0000016e454243e8
Event: 40.652 Thread 0x0000016e36d410d0 Implicit null exception at 0x0000016e440b568f to 0x0000016e440b9ce5
Event: 44.375 Thread 0x0000016e36d410d0 Implicit null exception at 0x0000016e44977c33 to 0x0000016e44979404
Event: 44.375 Thread 0x0000016e36d410d0 Implicit null exception at 0x0000016e44497e93 to 0x0000016e44499140
Event: 51.365 Thread 0x0000016e36d410d0 Implicit null exception at 0x0000016e44111aaf to 0x0000016e44111c50
Event: 53.671 Thread 0x0000016e36d410d0 Implicit null exception at 0x0000016e441f9b46 to 0x0000016e441fb7b4
Event: 53.683 Thread 0x0000016e36d410d0 Implicit null exception at 0x0000016e440b5a46 to 0x0000016e440b76b4
Event: 54.768 Thread 0x0000016e36d410d0 Implicit null exception at 0x0000016e454c466a to 0x0000016e454c64a0

ZGC Phase Switch (0 events):
No events

VM Operations (20 events):
Event: 56.552 Executing VM operation: G1CollectForAllocation (G1 Evacuation Pause) done
Event: 57.559 Executing VM operation: Cleanup
Event: 57.559 Executing VM operation: Cleanup done
Event: 58.477 Executing VM operation: G1CollectForAllocation (G1 Evacuation Pause)
Event: 58.494 Executing VM operation: G1CollectForAllocation (G1 Evacuation Pause) done
Event: 59.505 Executing VM operation: Cleanup
Event: 59.505 Executing VM operation: Cleanup done
Event: 60.005 Executing VM operation: HandshakeAllThreads (HandshakeForDeflation)
Event: 60.005 Executing VM operation: HandshakeAllThreads (HandshakeForDeflation) done
Event: 60.005 Executing VM operation: RendezvousGCThreads
Event: 60.005 Executing VM operation: RendezvousGCThreads done
Event: 60.296 Executing VM operation: G1CollectForAllocation (G1 Evacuation Pause)
Event: 60.318 Executing VM operation: G1CollectForAllocation (G1 Evacuation Pause) done
Event: 60.630 Executing VM operation: G1PauseRemark
Event: 60.634 Executing VM operation: G1PauseRemark done
Event: 60.795 Executing VM operation: G1PauseCleanup
Event: 60.796 Executing VM operation: G1PauseCleanup done
Event: 61.546 Executing VM operation: ICBufferFull
Event: 61.546 Executing VM operation: ICBufferFull done
Event: 61.856 Executing VM operation: G1CollectForAllocation (G1 Evacuation Pause)

Memory protections (0 events):
No events

Nmethod flushes (20 events):
Event: 60.633 Thread 0x0000016e591be9c0 flushing  nmethod 0x0000016e3c585890
Event: 60.633 Thread 0x0000016e591be9c0 flushing  nmethod 0x0000016e3c923310
Event: 60.633 Thread 0x0000016e591be9c0 flushing  nmethod 0x0000016e3c931510
Event: 60.633 Thread 0x0000016e591be9c0 flushing  nmethod 0x0000016e3cb46690
Event: 60.633 Thread 0x0000016e591be9c0 flushing  nmethod 0x0000016e3cd84610
Event: 60.633 Thread 0x0000016e591be9c0 flushing  nmethod 0x0000016e3ce91a90
Event: 60.633 Thread 0x0000016e591be9c0 flushing  nmethod 0x0000016e3d0d7690
Event: 60.633 Thread 0x0000016e591be9c0 flushing  nmethod 0x0000016e3d0d7b90
Event: 60.633 Thread 0x0000016e591be9c0 flushing  nmethod 0x0000016e3d0d8090
Event: 60.633 Thread 0x0000016e591be9c0 flushing  nmethod 0x0000016e3d0d8590
Event: 60.633 Thread 0x0000016e591be9c0 flushing  nmethod 0x0000016e3d0d8b10
Event: 60.633 Thread 0x0000016e591be9c0 flushing  nmethod 0x0000016e3d0d9090
Event: 60.633 Thread 0x0000016e591be9c0 flushing  nmethod 0x0000016e3d522010
Event: 60.633 Thread 0x0000016e591be9c0 flushing  nmethod 0x0000016e3da43a90
Event: 60.633 Thread 0x0000016e591be9c0 flushing osr nmethod 0x0000016e3dcf7790
Event: 60.633 Thread 0x0000016e591be9c0 flushing  nmethod 0x0000016e3e167490
Event: 60.633 Thread 0x0000016e591be9c0 flushing  nmethod 0x0000016e3e168090
Event: 60.633 Thread 0x0000016e591be9c0 flushing  nmethod 0x0000016e3e4c3910
Event: 60.633 Thread 0x0000016e591be9c0 flushing  nmethod 0x0000016e3e4e2010
Event: 60.633 Thread 0x0000016e591be9c0 flushing  nmethod 0x0000016e3ec62010

Events (20 events):
Event: 55.588 Thread 0x0000016e66119340 Thread exited: 0x0000016e66119340
Event: 56.173 Thread 0x0000016e66116a60 Thread exited: 0x0000016e66116a60
Event: 56.447 Thread 0x0000016e592461d0 Thread added: 0x0000016e66116a60
Event: 56.447 Thread 0x0000016e592461d0 Thread added: 0x0000016e66117800
Event: 56.492 Thread 0x0000016e59245730 Thread added: 0x0000016e66117ed0
Event: 56.731 Thread 0x0000016e66117ed0 Thread exited: 0x0000016e66117ed0
Event: 57.583 Thread 0x0000016e66117800 Thread exited: 0x0000016e66117800
Event: 57.583 Thread 0x0000016e66116a60 Thread exited: 0x0000016e66116a60
Event: 57.584 Thread 0x0000016e59245730 Thread added: 0x0000016e66119340
Event: 58.083 Thread 0x0000016e66119340 Thread exited: 0x0000016e66119340
Event: 58.087 Thread 0x0000016e592461d0 Thread added: 0x0000016e6611b550
Event: 58.088 Thread 0x0000016e592461d0 Thread added: 0x0000016e66116a60
Event: 58.088 Thread 0x0000016e592461d0 Thread added: 0x0000016e66117800
Event: 58.088 Thread 0x0000016e592461d0 Thread added: 0x0000016e6611bc20
Event: 58.325 Thread 0x0000016e6611bc20 Thread exited: 0x0000016e6611bc20
Event: 58.395 Thread 0x0000016e66116a60 Thread exited: 0x0000016e66116a60
Event: 58.396 Thread 0x0000016e66117800 Thread exited: 0x0000016e66117800
Event: 58.933 Thread 0x0000016e6611b550 Thread exited: 0x0000016e6611b550
Event: 61.090 Thread 0x0000016e592461d0 Thread added: 0x0000016e6611bc20
Event: 61.694 Thread 0x0000016e6611bc20 Thread exited: 0x0000016e6611bc20


Dynamic libraries:
0x00007ff791ee0000 - 0x00007ff791eea000 	C:\Program Files\Android\Android Studio\jbr\bin\java.exe
0x00007ffb4a210000 - 0x00007ffb4a408000 	C:\WINDOWS\SYSTEM32\ntdll.dll
0x00007ffb124c0000 - 0x00007ffb124e0000 	C:\Program Files\Norton\Suite\aswhook.dll
0x00007ffb48790000 - 0x00007ffb48852000 	C:\WINDOWS\System32\KERNEL32.DLL
0x00007ffb47a80000 - 0x00007ffb47d76000 	C:\WINDOWS\System32\KERNELBASE.dll
0x00007ffb47e80000 - 0x00007ffb47f80000 	C:\WINDOWS\System32\ucrtbase.dll
0x00007ffb41e50000 - 0x00007ffb41e68000 	C:\Program Files\Android\Android Studio\jbr\bin\jli.dll
0x00007ffacfa50000 - 0x00007ffacfa6b000 	C:\Program Files\Android\Android Studio\jbr\bin\VCRUNTIME140.dll
0x00007ffb49350000 - 0x00007ffb494f1000 	C:\WINDOWS\System32\USER32.dll
0x00007ffb47f80000 - 0x00007ffb47fa2000 	C:\WINDOWS\System32\win32u.dll
0x00007ffb46cc0000 - 0x00007ffb46f5b000 	C:\WINDOWS\WinSxS\amd64_microsoft.windows.common-controls_6595b64144ccf1df_6.0.19041.6456_none_60b8a6cb71f64256\COMCTL32.dll
0x00007ffb49d90000 - 0x00007ffb49dbb000 	C:\WINDOWS\System32\GDI32.dll
0x00007ffb49e60000 - 0x00007ffb49efe000 	C:\WINDOWS\System32\msvcrt.dll
0x00007ffb47fb0000 - 0x00007ffb480c9000 	C:\WINDOWS\System32\gdi32full.dll
0x00007ffb479e0000 - 0x00007ffb47a7d000 	C:\WINDOWS\System32\msvcp_win.dll
0x00007ffb49250000 - 0x00007ffb4927f000 	C:\WINDOWS\System32\IMM32.DLL
0x00007ffad2320000 - 0x00007ffad232c000 	C:\Program Files\Android\Android Studio\jbr\bin\vcruntime140_1.dll
0x00007ffb419d0000 - 0x00007ffb41a5d000 	C:\Program Files\Android\Android Studio\jbr\bin\msvcp140.dll
0x00007ffacfa70000 - 0x00007ffad06fe000 	C:\Program Files\Android\Android Studio\jbr\bin\server\jvm.dll
0x00007ffb49f90000 - 0x00007ffb4a041000 	C:\WINDOWS\System32\ADVAPI32.dll
0x00007ffb49cf0000 - 0x00007ffb49d8f000 	C:\WINDOWS\System32\sechost.dll
0x00007ffb4a0b0000 - 0x00007ffb4a1d0000 	C:\WINDOWS\System32\RPCRT4.dll
0x00007ffb479b0000 - 0x00007ffb479d7000 	C:\WINDOWS\System32\bcrypt.dll
0x00007ffb49c80000 - 0x00007ffb49ceb000 	C:\WINDOWS\System32\WS2_32.dll
0x00007ffb47700000 - 0x00007ffb4774b000 	C:\WINDOWS\SYSTEM32\POWRPROF.dll
0x00007ffb39f70000 - 0x00007ffb39f97000 	C:\WINDOWS\SYSTEM32\WINMM.dll
0x00007ffb45f90000 - 0x00007ffb45f9a000 	C:\WINDOWS\SYSTEM32\VERSION.dll
0x00007ffb476e0000 - 0x00007ffb476f2000 	C:\WINDOWS\SYSTEM32\UMPDC.dll
0x00007ffb45f50000 - 0x00007ffb45f62000 	C:\WINDOWS\SYSTEM32\kernel.appcore.dll
0x00007ffad2310000 - 0x00007ffad231a000 	C:\Program Files\Android\Android Studio\jbr\bin\jimage.dll
0x00007ffb47170000 - 0x00007ffb47371000 	C:\WINDOWS\SYSTEM32\DBGHELP.DLL
0x00007ffb46f80000 - 0x00007ffb46fb4000 	C:\WINDOWS\SYSTEM32\dbgcore.DLL
0x00007ffb47920000 - 0x00007ffb479a2000 	C:\WINDOWS\System32\bcryptPrimitives.dll
0x00007ffacf960000 - 0x00007ffacf980000 	C:\Program Files\Android\Android Studio\jbr\bin\java.dll
0x00007ffacf940000 - 0x00007ffacf958000 	C:\Program Files\Android\Android Studio\jbr\bin\zip.dll
0x00007ffb49500000 - 0x00007ffb49c70000 	C:\WINDOWS\System32\SHELL32.dll
0x00007ffb44a10000 - 0x00007ffb451b5000 	C:\WINDOWS\SYSTEM32\windows.storage.dll
0x00007ffb48430000 - 0x00007ffb48784000 	C:\WINDOWS\System32\combase.dll
0x00007ffb469f0000 - 0x00007ffb46a1b000 	C:\WINDOWS\SYSTEM32\Wldp.dll
0x00007ffb49280000 - 0x00007ffb4934d000 	C:\WINDOWS\System32\OLEAUT32.dll
0x00007ffb48df0000 - 0x00007ffb48e9d000 	C:\WINDOWS\System32\SHCORE.dll
0x00007ffb49040000 - 0x00007ffb4909b000 	C:\WINDOWS\System32\shlwapi.dll
0x00007ffb477d0000 - 0x00007ffb477f4000 	C:\WINDOWS\SYSTEM32\profapi.dll
0x00007ffad3220000 - 0x00007ffad3230000 	C:\Program Files\Android\Android Studio\jbr\bin\net.dll
0x00007ffb3f820000 - 0x00007ffb3f92a000 	C:\WINDOWS\SYSTEM32\WINHTTP.dll
0x00007ffb46860000 - 0x00007ffb468ca000 	C:\WINDOWS\system32\mswsock.dll
0x00007ffad3200000 - 0x00007ffad3216000 	C:\Program Files\Android\Android Studio\jbr\bin\nio.dll
0x00007ffb42560000 - 0x00007ffb42570000 	C:\Program Files\Android\Android Studio\jbr\bin\verify.dll

dbghelp: loaded successfully - version: 4.0.5 - missing functions: none
symbol engine: initialized successfully - sym options: 0x614 - pdb path: .;C:\Program Files\Android\Android Studio\jbr\bin;C:\WINDOWS\SYSTEM32;C:\Program Files\Norton\Suite;C:\WINDOWS\WinSxS\amd64_microsoft.windows.common-controls_6595b64144ccf1df_6.0.19041.6456_none_60b8a6cb71f64256;C:\Program Files\Android\Android Studio\jbr\bin\server

VM Arguments:
java_command: org.jetbrains.kotlin.cli.jvm.K2JVMCompiler @C:\Users\verwe\Projects\MigraineMe\app\build\20260227_2339719193720301381.compiler.options
java_class_path (initial): C:\Users\verwe\.gradle\caches\modules-2\files-2.1\org.jetbrains.kotlin\kotlin-compiler-embeddable\1.9.24\78dab849090e6c5e2eadb6e59a11cdc28fb67a08\kotlin-compiler-embeddable-1.9.24.jar;C:\Users\verwe\.gradle\caches\modules-2\files-2.1\org.jetbrains.kotlin\kotlin-stdlib\1.9.24\9928532f12c66ad816a625b3f9984f8368ca6d2b\kotlin-stdlib-1.9.24.jar;C:\Users\verwe\.gradle\caches\modules-2\files-2.1\org.jetbrains.kotlin\kotlin-script-runtime\1.9.24\96771497da90fbc5af1c90fce148db2595a62502\kotlin-script-runtime-1.9.24.jar;C:\Users\verwe\.gradle\caches\modules-2\files-2.1\org.jetbrains.kotlin\kotlin-reflect\1.6.10\1cbe9c92c12a94eea200d23c2bbaedaf3daf5132\kotlin-reflect-1.6.10.jar;C:\Users\verwe\.gradle\caches\modules-2\files-2.1\org.jetbrains.kotlin\kotlin-daemon-embeddable\1.9.24\86685b9c5e8d170925bd9ddbdc263374a6a73281\kotlin-daemon-embeddable-1.9.24.jar;C:\Users\verwe\.gradle\caches\modules-2\files-2.1\org.jetbrains.intellij.deps\trove4j\1.0.20200330\3afb14d5f9ceb459d724e907a21145e8ff394f02\trove4j-1.0.20200330.jar;C:\Users\verwe\.gradle\caches\modules-2\files-2.1\org.jetbrains\annotations\13.0\919f0dfe192fb4e063e7dacadee7f8bb9a2672a9\annotations-13.0.jar
Launcher Type: SUN_STANDARD

[Global flags]
     intx CICompilerCount                          = 12                                        {product} {ergonomic}
     uint ConcGCThreads                            = 4                                         {product} {ergonomic}
     uint G1ConcRefinementThreads                  = 15                                        {product} {ergonomic}
   size_t G1HeapRegionSize                         = 4194304                                   {product} {ergonomic}
    uintx GCDrainStackTargetSize                   = 64                                        {product} {ergonomic}
   size_t InitialHeapSize                          = 536870912                                 {product} {ergonomic}
   size_t MarkStackSize                            = 4194304                                   {product} {ergonomic}
   size_t MaxHeapSize                              = 8573157376                                {product} {ergonomic}
   size_t MaxNewSize                               = 5142216704                                {product} {ergonomic}
   size_t MinHeapDeltaBytes                        = 4194304                                   {product} {ergonomic}
   size_t MinHeapSize                              = 8388608                                   {product} {ergonomic}
    uintx NonNMethodCodeHeapSize                   = 7602480                                {pd product} {ergonomic}
    uintx NonProfiledCodeHeapSize                  = 122027880                              {pd product} {ergonomic}
    uintx ProfiledCodeHeapSize                     = 122027880                              {pd product} {ergonomic}
    uintx ReservedCodeCacheSize                    = 251658240                              {pd product} {ergonomic}
     bool SegmentedCodeCache                       = true                                      {product} {ergonomic}
   size_t SoftMaxHeapSize                          = 8573157376                             {manageable} {ergonomic}
     bool UseCompressedOops                        = true                           {product lp64_product} {ergonomic}
     bool UseG1GC                                  = true                                      {product} {ergonomic}
     bool UseLargePagesIndividualAllocation        = false                                  {pd product} {ergonomic}

Logging:
Log output configuration:
 #0: stdout all=warning uptime,level,tags foldmultilines=false
 #1: stderr all=off uptime,level,tags foldmultilines=false

Environment Variables:
PATH=C:\Program Files (x86)\NVIDIA Corporation\PhysX\Common;C:\Program Files\Oculus\Support\oculus-runtime;C:\Program Files (x86)\Common Files\Oracle\Java\javapath;C:\WINDOWS\system32;C:\WINDOWS;C:\WINDOWS\System32\Wbem;C:\WINDOWS\System32\WindowsPowerShell\v1.0\;C:\WINDOWS\System32\OpenSSH\;C:\Program Files\dotnet\;C:\Program Files\Git\cmd;C:\Program Files\nodejs\;C:\Users\verwe\scoop\shims;C:\Users\verwe\AppData\Local\Microsoft\WindowsApps;C:\Users\verwe\AppData\Roaming\npm
USERNAME=verwe
OS=Windows_NT
PROCESSOR_IDENTIFIER=Intel64 Family 6 Model 165 Stepping 5, GenuineIntel
TMP=C:\Users\verwe\AppData\Local\Temp
TEMP=C:\Users\verwe\AppData\Local\Temp




Periodic native trim disabled

JNI global refs:
JNI global refs: 18, weak refs: 0

JNI global refs memory usage: 835, weak refs: 833

Process memory usage:
Resident Set Size: 1662244K (4% of 33477916K total physical memory with 16388252K free physical memory)

OOME stack traces (most recent first):
Classloader memory used:
Loader jdk.internal.loader.ClassLoaders$AppClassLoader                                 : 58253K
Loader bootstrap                                                                       : 13193K
Loader java.net.URLClassLoader                                                         : 1060K

---------------  S Y S T E M  ---------------

OS:
 Windows 10 , 64 bit Build 19041 (10.0.19041.5915)
OS uptime: 0 days 0:48 hours

CPU: total 20 (initial active 20) (10 cores per cpu, 2 threads per core) family 6 model 165 stepping 5 microcode 0xca, cx8, cmov, fxsr, ht, mmx, 3dnowpref, sse, sse2, sse3, ssse3, sse4.1, sse4.2, popcnt, lzcnt, tsc, tscinvbit, avx, avx2, aes, erms, clmul, bmi1, bmi2, adx, fma, vzeroupper, clflush, clflushopt, rdtscp, f16c, pku
Processor Information for the first 20 processors :
  Max Mhz: 2801, Current Mhz: 2801, Mhz Limit: 2801

Memory: 4k page, system-wide physical 32693M (16004M free)
TotalPageFile size 65461M (AvailPageFile size 48429M)
current process WorkingSet (physical memory assigned to process): 1623M, peak: 1624M
current process commit charge ("private bytes"): 1676M, peak: 1680M

vm_info: OpenJDK 64-Bit Server VM (21.0.7+-13880790-b1038.58) for windows-amd64 JRE (21.0.7+-13880790-b1038.58), built on 2025-08-04T20:56:21Z by "builder" with MS VC++ 16.10 / 16.11 (VS2019)

END.
